#
# A fatal error has been detected by the Java Runtime Environment:
#
#  EXCEPTION_ACCESS_VIOLATION (0xc0000005) at pc=0x000007fea3c0fd09, pid=16744, tid=0x0000000000002644
#
# JRE version: Java(TM) SE Runtime Environment (8.0_161-b12) (build 1.8.0_161-b12)
# Java VM: Java HotSpot(TM) 64-Bit Server VM (25.161-b12 mixed mode windows-amd64 compressed oops)
# Problematic frame:
# C  0x000007fea3c0fd09
#
# Failed to write core dump. Minidumps are not enabled by default on client versions of Windows
#
# If you would like to submit a bug report, please visit:
#   http://bugreport.java.com/bugreport/crash.jsp
# The crash happened outside the Java Virtual Machine in native code.
# See problematic frame for where to report the bug.
#

---------------  T H R E A D  ---------------

Current thread (0x000000002019c000):  JavaThread "Thread-0" [_thread_in_native, id=9796, stack(0x0000000020850000,0x0000000020950000)]

siginfo: ExceptionCode=0xc0000005, reading address 0x00000000000008c0

Registers:
RAX=0x0000000000000000, RBX=0x0000000022a1cbe8, RCX=0x0000000000000001, RDX=0x000000002094ec20
RSP=0x000000002094ebd8, RBP=0x000000002094ec78, RSI=0x0000000022a19998, RDI=0x000000000023cd88
R8 =0x0000000000000006, R9 =0x000000002008eac0, R10=0x00000000028c1dc4, R11=0x000000007064bcb0
R12=0x0000000000000000, R13=0x0000000022a1cbe8, R14=0x000000002094ec90, R15=0x000000002019c000
RIP=0x000007fea3c0fd09, EFLAGS=0x0000000000010202

Top of Stack: (sp=0x000000002094ebd8)
0x000000002094ebd8:   000007fee742f7d3 000000002094f100
0x000000002094ebe8:   000000002019c000 0000000022a1cbe8
0x000000002094ebf8:   0000000022a19998 000000000023cd88
0x000000002094ec08:   00000000028c1df0 000000002019c000
0x000000002094ec18:   0000000022a1cbe8 0000000022a19998
0x000000002094ec28:   000000002019c000 00000000028c17c2
0x000000002094ec38:   000000002094ec38 0000000022a1cbe8
0x000000002094ec48:   000000002094ec90 0000000022a1e4e8
0x000000002094ec58:   0000000000000000 0000000022a1cbe8
0x000000002094ec68:   0000000000000000 000000002094ec98
0x000000002094ec78:   000000002094ece0 00000000028a7e40
0x000000002094ec88:   000000076b494d30 00000000028b7a56
0x000000002094ec98:   000000076b47e498 000000002094eca0
0x000000002094eca8:   0000000022a1b049 000000002094ecf0
0x000000002094ecb8:   0000000022a1b860 0000000000000000
0x000000002094ecc8:   0000000022a1b130 000000002094ec98 

Instructions: (pc=0x000007fea3c0fd09)
0x000007fea3c0fce9:   af af af af af af af c3 cc cc cc cc cc cc cc cc
0x000007fea3c0fcf9:   cc cc cc cc cc cc cc 65 48 8b 04 25 00 16 00 00
0x000007fea3c0fd09:   ff a0 c0 08 00 00 cc cc cc cc cc cc cc cc cc cc
0x000007fea3c0fd19:   cc cc cc cc cc cc cc cc cc cc cc cc cc cc cc cc 


Register to memory mapping:

RAX=0x0000000000000000 is an unknown value
RBX={method} {0x0000000022a1cbf0} 'glGenTexture' '()I' in 'org/eclipse/fx/drift/internal/GL'
RCX=0x0000000000000001 is an unknown value
RDX=0x000000002094ec20 is pointing into the stack for thread: 0x000000002019c000
RSP=0x000000002094ebd8 is pointing into the stack for thread: 0x000000002019c000
RBP=0x000000002094ec78 is pointing into the stack for thread: 0x000000002019c000
RSI=0x0000000022a19998 is pointing into metadata
RDI=0x000000000023cd88 is an unknown value
R8 =0x0000000000000006 is an unknown value
R9 =0x000000002008eac0 is an unknown value
R10=0x00000000028c1dc4 is at code_begin+1700 in an Interpreter codelet
method entry point (kind = native)  [0x00000000028c1720, 0x00000000028c27e0]  4288 bytes
R11=0x000000007064bcb0 is an unknown value
R12=0x0000000000000000 is an unknown value
R13={method} {0x0000000022a1cbf0} 'glGenTexture' '()I' in 'org/eclipse/fx/drift/internal/GL'
R14=0x000000002094ec90 is pointing into the stack for thread: 0x000000002019c000
R15=0x000000002019c000 is a thread


Stack: [0x0000000020850000,0x0000000020950000],  sp=0x000000002094ebd8,  free space=1018k
Native frames: (J=compiled Java code, j=interpreted, Vv=VM code, C=native code)
C  0x000007fea3c0fd09

Java frames: (J=compiled Java code, j=interpreted, Vv=VM code)
j  org.eclipse.fx.drift.internal.GL.glGenTexture()I+0
j  org.eclipse.fx.drift.internal.backend.MainMemoryImage.allocate()V+1
j  org.eclipse.fx.drift.internal.backend.SimpleSwapchain.allocate()V+62
j  org.eclipse.fx.drift.internal.backend.BackendImpl.createSwapchain(Lorg/eclipse/fx/drift/SwapchainConfig;)Lorg/eclipse/fx/drift/internal/backend/BackendSwapchain;+22
j  org.eclipse.fx.drift.internal.RendererImpl.createSwapchain(Lorg/eclipse/fx/drift/SwapchainConfig;)Lorg/eclipse/fx/drift/Swapchain;+32
j  Reika.GameCalendar.Rendering.RenderLoop.renderLoop()V+96
j  Reika.GameCalendar.Rendering.RenderLoop.run()V+4
v  ~StubRoutines::call_stub

---------------  P R O C E S S  ---------------

Java Threads: ( => current thread )
  0x000000000213b800 JavaThread "DestroyJavaVM" [_thread_blocked, id=3632, stack(0x0000000002270000,0x0000000002370000)]
  0x000000002274c000 JavaThread "Prism Font Disposer" daemon [_thread_blocked, id=21628, stack(0x000000002ca80000,0x000000002cb80000)]
  0x0000000023bd8000 JavaThread "Thread-4" daemon [_thread_in_native, id=16356, stack(0x0000000023280000,0x0000000023380000)]
  0x00000000221ee000 JavaThread "Thread-3" daemon [_thread_blocked, id=14216, stack(0x0000000023130000,0x0000000023230000)]
=>0x000000002019c000 JavaThread "Thread-0" [_thread_in_native, id=9796, stack(0x0000000020850000,0x0000000020950000)]
  0x000000001da08000 JavaThread "Service Thread" daemon [_thread_blocked, id=10856, stack(0x000000001fd70000,0x000000001fe70000)]
  0x000000001d981800 JavaThread "C1 CompilerThread3" daemon [_thread_blocked, id=9128, stack(0x000000001faa0000,0x000000001fba0000)]
  0x000000001d980800 JavaThread "C2 CompilerThread2" daemon [_thread_blocked, id=11036, stack(0x000000001f8a0000,0x000000001f9a0000)]
  0x000000001d97e000 JavaThread "C2 CompilerThread1" daemon [_thread_blocked, id=16764, stack(0x000000001f780000,0x000000001f880000)]
  0x000000001d979000 JavaThread "C2 CompilerThread0" daemon [_thread_blocked, id=10076, stack(0x000000001f2e0000,0x000000001f3e0000)]
  0x000000001d760000 JavaThread "JDWP Command Reader" daemon [_thread_in_native, id=11020, stack(0x000000001f600000,0x000000001f700000)]
  0x000000001d75a800 JavaThread "JDWP Event Helper Thread" daemon [_thread_blocked, id=5624, stack(0x000000001f400000,0x000000001f500000)]
  0x000000001d74f000 JavaThread "JDWP Transport Listener: dt_socket" daemon [_thread_blocked, id=15248, stack(0x000000001f1d0000,0x000000001f2d0000)]
  0x000000001d743000 JavaThread "Attach Listener" daemon [_thread_blocked, id=21460, stack(0x000000001e650000,0x000000001e750000)]
  0x000000001d742000 JavaThread "Signal Dispatcher" daemon [_thread_blocked, id=6628, stack(0x000000001ea70000,0x000000001eb70000)]
  0x000000001c7a1800 JavaThread "Finalizer" daemon [_thread_blocked, id=13688, stack(0x000000001eba0000,0x000000001eca0000)]
  0x000000001c79a800 JavaThread "Reference Handler" daemon [_thread_blocked, id=21112, stack(0x000000001e940000,0x000000001ea40000)]

Other Threads:
  0x000000001d6f2800 VMThread [stack: 0x000000001e750000,0x000000001e850000] [id=25428]
  0x000000001d9ca000 WatcherThread [stack: 0x0000000020730000,0x0000000020830000] [id=4944]

VM state:not at safepoint (normal execution)

VM Mutex/Monitor currently owned by a thread: None

Heap:
 PSYoungGen      total 76288K, used 16514K [0x000000076af00000, 0x0000000774400000, 0x00000007c0000000)
  eden space 65536K, 8% used [0x000000076af00000,0x000000076b4a88d8,0x000000076ef00000)
  from space 10752K, 99% used [0x0000000773980000,0x00000007743f8090,0x0000000774400000)
  to   space 10752K, 0% used [0x000000076ef00000,0x000000076ef00000,0x000000076f980000)
 ParOldGen       total 175104K, used 780K [0x00000006c0c00000, 0x00000006cb700000, 0x000000076af00000)
  object space 175104K, 0% used [0x00000006c0c00000,0x00000006c0cc3010,0x00000006cb700000)
 Metaspace       used 19741K, capacity 20536K, committed 20608K, reserved 1067008K
  class space    used 2724K, capacity 2907K, committed 2944K, reserved 1048576K

Card table byte_map: [0x0000000011c60000,0x0000000012460000] byte_map_base: 0x000000000e65a000

Marking Bits: (ParMarkBitMap*) 0x0000000070c3f860
 Begin Bits: [0x0000000013610000, 0x00000000175e0000)
 End Bits:   [0x00000000175e0000, 0x000000001b5b0000)

Polling page: 0x0000000001c80000

CodeCache: size=245760Kb used=9236Kb max_used=9251Kb free=236523Kb
 bounds [0x00000000028a0000, 0x00000000031c0000, 0x00000000118a0000]
 total_blobs=3023 nmethods=2329 adapters=614
 compilation: enabled

Compilation events (10 events):
Event: 6927.287 Thread 0x000000001d981800 nmethod 2333 0x00000000031a1650 code [0x00000000031a2200, 0x00000000031ac148]
Event: 6927.287 Thread 0x000000001d981800 2335       3       java.lang.reflect.Constructor::copy (72 bytes)
Event: 6927.287 Thread 0x000000001d981800 nmethod 2335 0x0000000003177950 code [0x0000000003177ae0, 0x0000000003177e78]
Event: 6927.287 Thread 0x000000001d981800 2336       3       java.lang.reflect.Constructor::<init> (50 bytes)
Event: 6927.288 Thread 0x000000001d981800 nmethod 2336 0x0000000003177350 code [0x00000000031774c0, 0x00000000031777f0]
Event: 6927.288 Thread 0x000000001d981800 2334       3       java.util.ArrayList::addAll (54 bytes)
Event: 6927.288 Thread 0x000000001d981800 nmethod 2334 0x00000000031767d0 code [0x0000000003176980, 0x0000000003177088]
Event: 6927.288 Thread 0x000000001d981800 2337       1       java.security.Provider$Service::getProvider (5 bytes)
Event: 6927.288 Thread 0x000000001d981800 nmethod 2337 0x0000000003176510 code [0x0000000003176660, 0x0000000003176770]
Event: 6927.310 Thread 0x000000001d97e000 nmethod 2331 0x000000000316e690 code [0x000000000316e860, 0x000000000316f808]

GC Heap History (4 events):
Event: 1.221 GC heap before
{Heap before GC invocations=1 (full 0):
 PSYoungGen      total 76288K, used 65536K [0x000000076af00000, 0x0000000770400000, 0x00000007c0000000)
  eden space 65536K, 100% used [0x000000076af00000,0x000000076ef00000,0x000000076ef00000)
  from space 10752K, 0% used [0x000000076f980000,0x000000076f980000,0x0000000770400000)
  to   space 10752K, 0% used [0x000000076ef00000,0x000000076ef00000,0x000000076f980000)
 ParOldGen       total 175104K, used 0K [0x00000006c0c00000, 0x00000006cb700000, 0x000000076af00000)
  object space 175104K, 0% used [0x00000006c0c00000,0x00000006c0c00000,0x00000006cb700000)
 Metaspace       used 12140K, capacity 12530K, committed 12800K, reserved 1060864K
  class space    used 1431K, capacity 1527K, committed 1536K, reserved 1048576K
Event: 1.237 GC heap after
Heap after GC invocations=1 (full 0):
 PSYoungGen      total 76288K, used 3913K [0x000000076af00000, 0x0000000774400000, 0x00000007c0000000)
  eden space 65536K, 0% used [0x000000076af00000,0x000000076af00000,0x000000076ef00000)
  from space 10752K, 36% used [0x000000076ef00000,0x000000076f2d2558,0x000000076f980000)
  to   space 10752K, 0% used [0x0000000773980000,0x0000000773980000,0x0000000774400000)
 ParOldGen       total 175104K, used 80K [0x00000006c0c00000, 0x00000006cb700000, 0x000000076af00000)
  object space 175104K, 0% used [0x00000006c0c00000,0x00000006c0c14010,0x00000006cb700000)
 Metaspace       used 12140K, capacity 12530K, committed 12800K, reserved 1060864K
  class space    used 1431K, capacity 1527K, committed 1536K, reserved 1048576K
}
Event: 12.819 GC heap before
{Heap before GC invocations=2 (full 0):
 PSYoungGen      total 76288K, used 69449K [0x000000076af00000, 0x0000000774400000, 0x00000007c0000000)
  eden space 65536K, 100% used [0x000000076af00000,0x000000076ef00000,0x000000076ef00000)
  from space 10752K, 36% used [0x000000076ef00000,0x000000076f2d2558,0x000000076f980000)
  to   space 10752K, 0% used [0x0000000773980000,0x0000000773980000,0x0000000774400000)
 ParOldGen       total 175104K, used 80K [0x00000006c0c00000, 0x00000006cb700000, 0x000000076af00000)
  object space 175104K, 0% used [0x00000006c0c00000,0x00000006c0c14010,0x00000006cb700000)
 Metaspace       used 19551K, capacity 20342K, committed 20608K, reserved 1067008K
  class space    used 2698K, capacity 2892K, committed 2944K, reserved 1048576K
Event: 12.825 GC heap after
Heap after GC invocations=2 (full 0):
 PSYoungGen      total 76288K, used 10720K [0x000000076af00000, 0x0000000774400000, 0x00000007c0000000)
  eden space 65536K, 0% used [0x000000076af00000,0x000000076af00000,0x000000076ef00000)
  from space 10752K, 99% used [0x0000000773980000,0x00000007743f8090,0x0000000774400000)
  to   space 10752K, 0% used [0x000000076ef00000,0x000000076ef00000,0x000000076f980000)
 ParOldGen       total 175104K, used 780K [0x00000006c0c00000, 0x00000006cb700000, 0x000000076af00000)
  object space 175104K, 0% used [0x00000006c0c00000,0x00000006c0cc3010,0x00000006cb700000)
 Metaspace       used 19551K, capacity 20342K, committed 20608K, reserved 1067008K
  class space    used 2698K, capacity 2892K, committed 2944K, reserved 1048576K
}

Deoptimization events (10 events):
Event: 1.627 Thread 0x0000000021139000 Uncommon trap: reason=class_check action=maybe_recompile pc=0x0000000002d5e7b4 method=java.io.DataInputStream.readShort()S @ 4
Event: 1.629 Thread 0x0000000021139000 Uncommon trap: reason=class_check action=maybe_recompile pc=0x0000000002d5e7b4 method=java.io.DataInputStream.readShort()S @ 4
Event: 1.629 Thread 0x0000000021139000 Uncommon trap: reason=class_check action=maybe_recompile pc=0x0000000002d5e7b4 method=java.io.DataInputStream.readShort()S @ 4
Event: 1.640 Thread 0x0000000021139000 Uncommon trap: reason=class_check action=maybe_recompile pc=0x00000000029b0cf4 method=java.lang.String.equals(Ljava/lang/Object;)Z @ 8
Event: 1.640 Thread 0x0000000021139000 Uncommon trap: reason=class_check action=maybe_recompile pc=0x00000000029b0cf4 method=java.lang.String.equals(Ljava/lang/Object;)Z @ 8
Event: 1.640 Thread 0x0000000021139000 Uncommon trap: reason=class_check action=maybe_recompile pc=0x00000000029b0cf4 method=java.lang.String.equals(Ljava/lang/Object;)Z @ 8
Event: 1.717 Thread 0x0000000021139000 Uncommon trap: reason=class_check action=maybe_recompile pc=0x00000000029b0cf4 method=java.lang.String.equals(Ljava/lang/Object;)Z @ 8
Event: 1.854 Thread 0x0000000021139000 Uncommon trap: reason=unstable_if action=reinterpret pc=0x0000000002d6bddc method=sun.net.www.ParseUtil.encodePath(Ljava/lang/String;Z)Ljava/lang/String; @ 109
Event: 6927.252 Thread 0x000000002019c000 Uncommon trap: reason=unstable_if action=reinterpret pc=0x0000000002b1c73c method=Reika.GameCalendar.GUI.JFXWindow.getRenderPane()Lorg/eclipse/fx/drift/DriftFXSurface; @ 3
Event: 6927.277 Thread 0x000000002019c000 Uncommon trap: reason=unstable_if action=reinterpret pc=0x00000000030ccf74 method=org.eclipse.jdt.launching.internal.org.objectweb.asm.ClassReader.readConst(I[C)Ljava/lang/Object; @ 233

Classes redefined (1 events):
Event: 6927.252 Thread 0x000000001d6f2800 redefined class name=Reika.GameCalendar.Rendering.RenderLoop, count=1

Internal exceptions (10 events):
Event: 1.165 Thread 0x0000000021139000 Exception <a 'java/lang/NullPointerException'> (0x000000076eb0d648) thrown at [C:\re\workspace\8-2-build-windows-amd64-cygwin\jdk8u161\10277\hotspot\src\share\vm\prims\jvm.cpp, line 1394]
Event: 1.257 Thread 0x0000000021139000 Exception <a 'java/lang/ArrayIndexOutOfBoundsException'> (0x000000076b10bd40) thrown at [C:\re\workspace\8-2-build-windows-amd64-cygwin\jdk8u161\10277\hotspot\src\share\vm\runtime\sharedRuntime.cpp, line 605]
Event: 1.257 Thread 0x0000000021139000 Exception <a 'java/lang/ArrayIndexOutOfBoundsException'> (0x000000076b10e148) thrown at [C:\re\workspace\8-2-build-windows-amd64-cygwin\jdk8u161\10277\hotspot\src\share\vm\runtime\sharedRuntime.cpp, line 605]
Event: 1.258 Thread 0x0000000021139000 Exception <a 'java/lang/ArrayIndexOutOfBoundsException'> (0x000000076b10fff0) thrown at [C:\re\workspace\8-2-build-windows-amd64-cygwin\jdk8u161\10277\hotspot\src\share\vm\runtime\sharedRuntime.cpp, line 605]
Event: 1.263 Thread 0x0000000021139000 Exception <a 'java/lang/ArrayIndexOutOfBoundsException'> (0x000000076b14a6b8) thrown at [C:\re\workspace\8-2-build-windows-amd64-cygwin\jdk8u161\10277\hotspot\src\share\vm\runtime\sharedRuntime.cpp, line 605]
Event: 1.380 Thread 0x0000000021139000 Exception <a 'java/lang/ArrayIndexOutOfBoundsException'> (0x000000076bc09a30) thrown at [C:\re\workspace\8-2-build-windows-amd64-cygwin\jdk8u161\10277\hotspot\src\share\vm\runtime\sharedRuntime.cpp, line 605]
Event: 2.030 Thread 0x0000000021139000 Exception <a 'sun/nio/fs/WindowsException'> (0x000000076dd36e70) thrown at [C:\re\workspace\8-2-build-windows-amd64-cygwin\jdk8u161\10277\hotspot\src\share\vm\prims\jni.cpp, line 709]
Event: 2.031 Thread 0x0000000021139000 Exception <a 'sun/nio/fs/WindowsException'> (0x000000076dd3d8d0) thrown at [C:\re\workspace\8-2-build-windows-amd64-cygwin\jdk8u161\10277\hotspot\src\share\vm\prims\jni.cpp, line 709]
Event: 2.031 Thread 0x0000000021139000 Exception <a 'sun/nio/fs/WindowsException'> (0x000000076dd3dec8) thrown at [C:\re\workspace\8-2-build-windows-amd64-cygwin\jdk8u161\10277\hotspot\src\share\vm\prims\jni.cpp, line 709]
Event: 13.568 Thread 0x000000000213b800 Exception <a 'java/lang/NullPointerException'> (0x000000076b13a1e8) thrown at [C:\re\workspace\8-2-build-windows-amd64-cygwin\jdk8u161\10277\hotspot\src\share\vm\interpreter\linkResolver.cpp, line 1287]

Events (10 events):
Event: 6927.291 Thread 0x000000002019c000 DEOPT PACKING pc=0x0000000002a9f4bc sp=0x000000002094d540
Event: 6927.291 Thread 0x000000002019c000 DEOPT UNPACKING pc=0x00000000028e7890 sp=0x000000002094d360 mode 1
Event: 6927.291 loading class org/eclipse/fx/drift/internal/GL
Event: 6927.291 loading class org/eclipse/fx/drift/internal/GL done
Event: 6927.291 Thread 0x000000002019c000 DEOPT PACKING pc=0x0000000002bdc689 sp=0x000000002094d690
Event: 6927.291 Thread 0x000000002019c000 DEOPT UNPACKING pc=0x00000000028e7890 sp=0x000000002094d3e0 mode 1
Event: 6927.291 Thread 0x000000002019c000 DEOPT PACKING pc=0x0000000002a9f724 sp=0x000000002094d710
Event: 6927.291 Thread 0x000000002019c000 DEOPT UNPACKING pc=0x00000000028e7890 sp=0x000000002094d530 mode 1
Event: 6927.291 Thread 0x000000002019c000 DEOPT PACKING pc=0x0000000002a9f4bc sp=0x000000002094d8a0
Event: 6927.291 Thread 0x000000002019c000 DEOPT UNPACKING pc=0x00000000028e7890 sp=0x000000002094d6c0 mode 1


Dynamic libraries:
0x000000013f630000 - 0x000000013f667000 	C:\Program Files\Java\jdk1.8.0_161\jre\bin\javaw.exe
0x0000000077260000 - 0x00000000773ff000 	C:\Windows\SYSTEM32\ntdll.dll
0x0000000077040000 - 0x000000007715f000 	C:\Windows\system32\kernel32.dll
0x000007fefcdf0000 - 0x000007fefce5a000 	C:\Windows\system32\KERNELBASE.dll
0x000007fefe550000 - 0x000007fefe62b000 	C:\Windows\system32\ADVAPI32.dll
0x000007fefdee0000 - 0x000007fefdf7f000 	C:\Windows\system32\msvcrt.dll
0x000007fefe490000 - 0x000007fefe4af000 	C:\Windows\SYSTEM32\sechost.dll
0x000007fefd690000 - 0x000007fefd7bc000 	C:\Windows\system32\RPCRT4.dll
0x0000000077160000 - 0x000000007725a000 	C:\Windows\system32\USER32.dll
0x000007fefd100000 - 0x000007fefd167000 	C:\Windows\system32\GDI32.dll
0x000007fefe480000 - 0x000007fefe48e000 	C:\Windows\system32\LPK.dll
0x000007fefd7c0000 - 0x000007fefd88b000 	C:\Windows\system32\USP10.dll
0x000007fefb040000 - 0x000007fefb235000 	C:\Windows\WinSxS\amd64_microsoft.windows.common-controls_6595b64144ccf1df_6.0.7601.24440_none_e36f1bbf30ff0606\COMCTL32.dll
0x000007feff3f0000 - 0x000007feff461000 	C:\Windows\system32\SHLWAPI.dll
0x000007fefe630000 - 0x000007fefe65e000 	C:\Windows\system32\IMM32.DLL
0x000007fefdbd0000 - 0x000007fefdcd9000 	C:\Windows\system32\MSCTF.dll
0x000007fefce70000 - 0x000007fefce75000 	C:\Windows\system32\api-ms-win-downlevel-advapi32-l1-1-0.dll
0x000007fefc680000 - 0x000007fefc6ad000 	C:\Windows\system32\ntmarta.dll
0x000007fefe420000 - 0x000007fefe472000 	C:\Windows\system32\WLDAP32.dll
0x000007fefcb10000 - 0x000007fefcb35000 	C:\Windows\system32\SspiCli.dll
0x0000000061ec0000 - 0x0000000061f92000 	C:\Program Files\Java\jdk1.8.0_161\jre\bin\msvcr100.dll
0x0000000070420000 - 0x0000000070cbf000 	C:\Program Files\Java\jdk1.8.0_161\jre\bin\server\jvm.dll
0x000007fef2e10000 - 0x000007fef2e19000 	C:\Windows\system32\WSOCK32.dll
0x000007fefdb60000 - 0x000007fefdbad000 	C:\Windows\system32\WS2_32.dll
0x000007fefe410000 - 0x000007fefe418000 	C:\Windows\system32\NSI.dll
0x000007fef9cd0000 - 0x000007fef9d0b000 	C:\Windows\system32\WINMM.dll
0x000007fefc670000 - 0x000007fefc67c000 	C:\Windows\system32\VERSION.dll
0x0000000077410000 - 0x0000000077417000 	C:\Windows\system32\PSAPI.DLL
0x0000000074a90000 - 0x0000000074a9f000 	C:\Program Files\Java\jdk1.8.0_161\jre\bin\verify.dll
0x0000000066e20000 - 0x0000000066e49000 	C:\Program Files\Java\jdk1.8.0_161\jre\bin\java.dll
0x000000006ef20000 - 0x000000006ef55000 	C:\Program Files\Java\jdk1.8.0_161\jre\bin\jdwp.dll
0x00000000725a0000 - 0x00000000725a8000 	C:\Program Files\Java\jdk1.8.0_161\jre\bin\npt.dll
0x0000000066df0000 - 0x0000000066e13000 	C:\Program Files\Java\jdk1.8.0_161\jre\bin\instrument.dll
0x00000000721b0000 - 0x00000000721c6000 	C:\Program Files\Java\jdk1.8.0_161\jre\bin\zip.dll
0x000007fefe660000 - 0x000007feff3eb000 	C:\Windows\system32\SHELL32.dll
0x000007fefdce0000 - 0x000007fefdedf000 	C:\Windows\system32\ole32.dll
0x000007fefcd40000 - 0x000007fefcd4f000 	C:\Windows\system32\profapi.dll
0x0000000071770000 - 0x0000000071779000 	C:\Program Files\Java\jdk1.8.0_161\jre\bin\dt_socket.dll
0x000007fef9d10000 - 0x000007fef9d25000 	C:\Windows\system32\NLAapi.dll
0x000007fef31e0000 - 0x000007fef31f5000 	C:\Windows\system32\napinsp.dll
0x000007fef31c0000 - 0x000007fef31d9000 	C:\Windows\system32\pnrpnsp.dll
0x000007fefc180000 - 0x000007fefc1d5000 	C:\Windows\System32\mswsock.dll
0x000007fefc000000 - 0x000007fefc05b000 	C:\Windows\system32\DNSAPI.dll
0x000007fef31b0000 - 0x000007fef31bb000 	C:\Windows\System32\winrnr.dll
0x000007fef6e60000 - 0x000007fef6e8f000 	C:\Program Files\Common Files\Microsoft Shared\Windows Live\WLIDNSP.DLL
0x000007fef9450000 - 0x000007fef9477000 	C:\Windows\system32\IPHLPAPI.DLL
0x000007fef9440000 - 0x000007fef944b000 	C:\Windows\system32\WINNSI.DLL
0x000007fef8e30000 - 0x000007fef8e83000 	C:\Windows\System32\fwpuclnt.dll
0x000007fef6e40000 - 0x000007fef6e48000 	C:\Windows\system32\rasadhlp.dll
0x000007fefc550000 - 0x000007fefc557000 	C:\Windows\System32\wshtcpip.dll
0x000007fef6dd0000 - 0x000007fef6dd3000 	C:\Program Files\Java\jdk1.8.0_161\jre\bin\api-ms-win-core-console-l1-1-0.dll
0x000007fef4bf0000 - 0x000007fef4bf3000 	C:\Program Files\Java\jdk1.8.0_161\jre\bin\api-ms-win-core-datetime-l1-1-0.dll
0x000007fef4be0000 - 0x000007fef4be3000 	C:\Program Files\Java\jdk1.8.0_161\jre\bin\api-ms-win-core-debug-l1-1-0.dll
0x000007fef4b80000 - 0x000007fef4b83000 	C:\Program Files\Java\jdk1.8.0_161\jre\bin\api-ms-win-core-errorhandling-l1-1-0.dll
0x000007feeecc0000 - 0x000007feeecc4000 	C:\Program Files\Java\jdk1.8.0_161\jre\bin\api-ms-win-core-file-l1-1-0.dll
0x000007feee750000 - 0x000007feee753000 	C:\Program Files\Java\jdk1.8.0_161\jre\bin\api-ms-win-core-file-l1-2-0.dll
0x000007feee740000 - 0x000007feee743000 	C:\Program Files\Java\jdk1.8.0_161\jre\bin\api-ms-win-core-file-l2-1-0.dll
0x000007feee730000 - 0x000007feee733000 	C:\Program Files\Java\jdk1.8.0_161\jre\bin\api-ms-win-core-handle-l1-1-0.dll
0x000007feee720000 - 0x000007feee723000 	C:\Program Files\Java\jdk1.8.0_161\jre\bin\api-ms-win-core-heap-l1-1-0.dll
0x000007feee710000 - 0x000007feee713000 	C:\Program Files\Java\jdk1.8.0_161\jre\bin\api-ms-win-core-interlocked-l1-1-0.dll
0x000007feee700000 - 0x000007feee703000 	C:\Program Files\Java\jdk1.8.0_161\jre\bin\api-ms-win-core-libraryloader-l1-1-0.dll
0x000007feee3c0000 - 0x000007feee3c3000 	C:\Program Files\Java\jdk1.8.0_161\jre\bin\api-ms-win-core-localization-l1-2-0.dll
0x000007feee290000 - 0x000007feee293000 	C:\Program Files\Java\jdk1.8.0_161\jre\bin\api-ms-win-core-memory-l1-1-0.dll
0x000007feedff0000 - 0x000007feedff3000 	C:\Program Files\Java\jdk1.8.0_161\jre\bin\api-ms-win-core-namedpipe-l1-1-0.dll
0x000007feedfe0000 - 0x000007feedfe3000 	C:\Program Files\Java\jdk1.8.0_161\jre\bin\api-ms-win-core-processenvironment-l1-1-0.dll
0x000007feedfd0000 - 0x000007feedfd3000 	C:\Program Files\Java\jdk1.8.0_161\jre\bin\api-ms-win-core-processthreads-l1-1-0.dll
0x000007feedfc0000 - 0x000007feedfc3000 	C:\Program Files\Java\jdk1.8.0_161\jre\bin\api-ms-win-core-processthreads-l1-1-1.dll
0x000007feedfb0000 - 0x000007feedfb3000 	C:\Program Files\Java\jdk1.8.0_161\jre\bin\api-ms-win-core-profile-l1-1-0.dll
0x000007feedfa0000 - 0x000007feedfa3000 	C:\Program Files\Java\jdk1.8.0_161\jre\bin\api-ms-win-core-rtlsupport-l1-1-0.dll
0x000007feedf90000 - 0x000007feedf93000 	C:\Program Files\Java\jdk1.8.0_161\jre\bin\api-ms-win-core-string-l1-1-0.dll
0x000007feedf80000 - 0x000007feedf83000 	C:\Program Files\Java\jdk1.8.0_161\jre\bin\api-ms-win-core-synch-l1-1-0.dll
0x000007feedf70000 - 0x000007feedf73000 	C:\Program Files\Java\jdk1.8.0_161\jre\bin\api-ms-win-core-synch-l1-2-0.dll
0x000007feecbe0000 - 0x000007feecbe3000 	C:\Program Files\Java\jdk1.8.0_161\jre\bin\api-ms-win-core-sysinfo-l1-1-0.dll
0x000007feecbd0000 - 0x000007feecbd3000 	C:\Program Files\Java\jdk1.8.0_161\jre\bin\api-ms-win-core-timezone-l1-1-0.dll
0x000007feecbc0000 - 0x000007feecbc3000 	C:\Program Files\Java\jdk1.8.0_161\jre\bin\api-ms-win-core-util-l1-1-0.dll
0x000007feecb00000 - 0x000007feecb03000 	C:\Program Files\Java\jdk1.8.0_161\jre\bin\api-ms-win-crt-conio-l1-1-0.dll
0x000007feec1e0000 - 0x000007feec1e4000 	C:\Program Files\Java\jdk1.8.0_161\jre\bin\api-ms-win-crt-convert-l1-1-0.dll
0x000007feec1d0000 - 0x000007feec1d3000 	C:\Program Files\Java\jdk1.8.0_161\jre\bin\api-ms-win-crt-environment-l1-1-0.dll
0x000007feec1c0000 - 0x000007feec1c3000 	C:\Program Files\Java\jdk1.8.0_161\jre\bin\api-ms-win-crt-filesystem-l1-1-0.dll
0x000007feec1b0000 - 0x000007feec1b3000 	C:\Program Files\Java\jdk1.8.0_161\jre\bin\api-ms-win-crt-heap-l1-1-0.dll
0x000007feec1a0000 - 0x000007feec1a3000 	C:\Program Files\Java\jdk1.8.0_161\jre\bin\api-ms-win-crt-locale-l1-1-0.dll
0x000007feec190000 - 0x000007feec195000 	C:\Program Files\Java\jdk1.8.0_161\jre\bin\api-ms-win-crt-math-l1-1-0.dll
0x000007feec180000 - 0x000007feec185000 	C:\Program Files\Java\jdk1.8.0_161\jre\bin\api-ms-win-crt-multibyte-l1-1-0.dll
0x000007feec170000 - 0x000007feec180000 	C:\Program Files\Java\jdk1.8.0_161\jre\bin\api-ms-win-crt-private-l1-1-0.dll
0x000007feec160000 - 0x000007feec163000 	C:\Program Files\Java\jdk1.8.0_161\jre\bin\api-ms-win-crt-process-l1-1-0.dll
0x000007feec150000 - 0x000007feec154000 	C:\Program Files\Java\jdk1.8.0_161\jre\bin\api-ms-win-crt-runtime-l1-1-0.dll
0x000007feec140000 - 0x000007feec144000 	C:\Program Files\Java\jdk1.8.0_161\jre\bin\api-ms-win-crt-stdio-l1-1-0.dll
0x000007feec130000 - 0x000007feec134000 	C:\Program Files\Java\jdk1.8.0_161\jre\bin\api-ms-win-crt-string-l1-1-0.dll
0x000007feec120000 - 0x000007feec123000 	C:\Program Files\Java\jdk1.8.0_161\jre\bin\api-ms-win-crt-time-l1-1-0.dll
0x000007feec110000 - 0x000007feec113000 	C:\Program Files\Java\jdk1.8.0_161\jre\bin\api-ms-win-crt-utility-l1-1-0.dll
0x000007feebb00000 - 0x000007feebbf6000 	C:\Program Files\Java\jdk1.8.0_161\jre\bin\ucrtbase.dll
0x000007feeb350000 - 0x000007feeb3a1000 	C:\Program Files\Java\jdk1.8.0_161\jre\bin\concrt140.dll
0x000007feeb070000 - 0x000007feeb10c000 	C:\Program Files\Java\jdk1.8.0_161\jre\bin\MSVCP140.dll
0x000007feebae0000 - 0x000007feebaf6000 	C:\Program Files\Java\jdk1.8.0_161\jre\bin\VCRUNTIME140.dll
0x0000000064900000 - 0x0000000064923000 	C:\Program Files\Java\jdk1.8.0_161\jre\bin\prism_d3d.dll
0x000007fef8f00000 - 0x000007fef90ff000 	C:\Windows\system32\d3d9.dll
0x000007fef9380000 - 0x000007fef9387000 	C:\Windows\system32\d3d8thk.dll
0x000007fefaa00000 - 0x000007fefaa18000 	C:\Windows\system32\dwmapi.dll
0x000007fefae20000 - 0x000007fefae76000 	C:\Windows\system32\uxtheme.dll
0x00000000636f0000 - 0x0000000063739000 	C:\Program Files\Java\jdk1.8.0_161\jre\bin\glass.dll
0x000007fefe160000 - 0x000007fefe1f7000 	C:\Windows\system32\COMDLG32.dll
0x000007feff470000 - 0x000007feff54b000 	C:\Windows\system32\OLEAUT32.dll
0x000007fefcbe0000 - 0x000007fefcbef000 	C:\Windows\system32\CRYPTBASE.dll
0x000007fefdf80000 - 0x000007fefe157000 	C:\Windows\system32\SETUPAPI.dll
0x000007fefd0c0000 - 0x000007fefd0f6000 	C:\Windows\system32\CFGMGR32.dll
0x000007fefd0a0000 - 0x000007fefd0ba000 	C:\Windows\system32\DEVOBJ.dll
0x000007fef33d0000 - 0x000007fef367e000 	C:\Windows\system32\nvspcap64.dll
0x000007fefce90000 - 0x000007fefcffd000 	C:\Windows\system32\crypt32.dll
0x000007fefcd50000 - 0x000007fefcd5f000 	C:\Windows\system32\MSASN1.dll
0x000007fefc640000 - 0x000007fefc667000 	C:\Windows\system32\cryptnet.dll
0x000007fefcdb0000 - 0x000007fefcdeb000 	C:\Windows\system32\WINTRUST.DLL
0x000007fefdbb0000 - 0x000007fefdbc9000 	C:\Windows\system32\imagehlp.dll
0x000007fefc1e0000 - 0x000007fefc1f8000 	C:\Windows\system32\CRYPTSP.dll
0x000007fefbee0000 - 0x000007fefbf27000 	C:\Windows\system32\rsaenh.dll
0x000007fefc3b0000 - 0x000007fefc400000 	C:\Windows\system32\ncrypt.dll
0x000007fefc380000 - 0x000007fefc3a2000 	C:\Windows\system32\bcrypt.dll
0x000007fefc2f0000 - 0x000007fefc33c000 	C:\Windows\system32\bcryptprimitives.dll
0x000007fefcd60000 - 0x000007fefcd7e000 	C:\Windows\system32\USERENV.dll
0x000007fefc6f0000 - 0x000007fefc70b000 	C:\Windows\system32\GPAPI.dll
0x00000000648e0000 - 0x00000000648f4000 	C:\Program Files\Java\jdk1.8.0_161\jre\bin\javafx_font.dll
0x000007fedd1e0000 - 0x000007fedd377000 	C:\Windows\system32\dwrite.dll
0x000007fefe4b0000 - 0x000007fefe549000 	C:\Windows\system32\CLBCatQ.DLL
0x000007fefa850000 - 0x000007fefa9b1000 	C:\Windows\system32\WindowsCodecs.dll
0x000007fefcb40000 - 0x000007fefcb97000 	C:\Windows\system32\apphelp.dll
0x000007feeafb0000 - 0x000007feeb035000 	C:\Program Files (x86)\Dropbox\Client\DropboxExt64.44.0.dll
0x000007fefaf10000 - 0x000007fefb03c000 	C:\Windows\system32\propsys.dll
0x000007feeae90000 - 0x000007feeaeaf000 	C:\Windows\system32\thumbcache.dll
0x000007feeae20000 - 0x000007feeae8b000 	C:\Windows\system32\PhotoMetadataHandler.dll

VM Arguments:
jvm_args: -agentlib:jdwp=transport=dt_socket,suspend=y,address=localhost:49438 -Ddriftfx.winfallback=true -Djava.library.path=C:\Users\Reika\.gradle\caches\modules-2\files-2.1\org.lwjgl.lwjgl\lwjgl-platform\2.9.1\4c517eca808522457dd95ee8fc1fbcdbb602efbe;E:\Java Workspaces\GameCalendar\Game Calendar\libs\lwjgl\natives;E:\Java Workspaces\GameCalendar\Game Calendar\libs\lwjgl\natives;E:\Java Workspaces\GameCalendar\Game Calendar\libs\lwjgl\natives;E:\Java Workspaces\GameCalendar\Game Calendar\libs\lwjgl\natives;E:\Java Workspaces\GameCalendar\Game Calendar\libs\lwjgl\natives;E:\Java Workspaces\GameCalendar\Game Calendar\libs\lwjgl\natives;E:\Java Workspaces\GameCalendar\Game Calendar\libs\lwjgl\natives;E:\Java Workspaces\GameCalendar\Game Calendar\libs\lwjgl\natives;E:\Java Workspaces\GameCalendar\Game Calendar\libs\lwjgl\natives;E:\Java Workspaces\GameCalendar\Game Calendar\libs\lwjgl\natives;E:\Java Workspaces\GameCalendar\Game Calendar\libs\lwjgl\natives;E:\Java Workspaces\GameCalendar\Game Calendar\libs\lwjgl\natives;E:\Java Workspaces\GameCalendar\Game Calendar\libs\lwjgl\natives;E:\Java Workspaces\GameCalendar\Game Calendar\libs\lwjgl\natives;E:\Java Workspaces\GameCalendar\Game Calendar\libs\lwjgl\natives;E:\Java Workspaces\GameCalendar\Game Calendar\libs\lwjgl\natives;E:\Java Workspaces\GameCalendar\Game Calendar\libs\lwjgl\natives;E:\Java Workspaces\GameCalendar\Game Calendar\libs\lwjgl\natives;E:\Java Workspaces\GameCalendar\Game Calendar\libs\lwjgl\natives -javaagent:E:\eclipse-SDK-4.10-win32-x86_64\eclipse\configuration\org.eclipse.osgi\174\0\.cp\lib\javaagent-shaded.jar -Dfile.encoding=Cp1252 
java_command: Reika.GameCalendar.Main
java_class_path (initial): E:\Java Workspaces\GameCalendar\Game Calendar\bin;C:\Users\Reika\.gradle\caches\modules-2\files-2.1\com.google.guava\guava\17.0\9c6ef172e8de35fd8d4d8783e4821e57cdef7445\guava-17.0.jar;C:\Users\Reika\.gradle\caches\modules-2\files-2.1\org.apache.commons\commons-lang3\3.3.2\90a3822c38ec8c996e84c16a3477ef632cbc87a3\commons-lang3-3.3.2.jar;C:\Users\Reika\.gradle\caches\modules-2\files-2.1\commons-io\commons-io\2.4\b1b6ea3b7e4aa4f492509a4952029cd8e48019ad\commons-io-2.4.jar;C:\Users\Reika\.gradle\caches\modules-2\files-2.1\commons-codec\commons-codec\1.9\9ce04e34240f674bc72680f8b843b1457383161a\commons-codec-1.9.jar;E:\Java Workspaces\GameCalendar\Game Calendar\libs\lwjgl\lwjgl.jar;E:\Java Workspaces\GameCalendar\Game Calendar\libs\lwjgl\lwjgl-bgfx.jar;E:\Java Workspaces\GameCalendar\Game Calendar\libs\lwjgl\lwjgl-egl.jar;E:\Java Workspaces\GameCalendar\Game Calendar\libs\lwjgl\lwjgl-glfw.jar;E:\Java Workspaces\GameCalendar\Game Calendar\libs\lwjgl\lwjgl-jawt.jar;E:\Java Workspaces\GameCalendar\Game Calendar\libs\lwjgl\lwjgl-libdivide.jar;E:\Java Workspaces\GameCalendar\Game Calendar\libs\lwjgl\lwjgl-nanovg.jar;E:\Java Workspaces\GameCalendar\Game Calendar\libs\lwjgl\lwjgl-nfd.jar;E:\Java Workspaces\GameCalendar\Game Calendar\libs\lwjgl\lwjgl-nuklear.jar;E:\Java Workspaces\GameCalendar\Game Calendar\libs\lwjgl\lwjgl-openal.jar;E:\Java Workspaces\GameCalendar\Game Calendar\libs\lwjgl\lwjgl-opencl.jar;E:\Java Workspaces\GameCalendar\Game Calendar\libs\lwjgl\lwjgl-opengl.jar;E:\Java Workspaces\GameCalendar\Game Calendar\libs\lwjgl\lwjgl-par.jar;E:\Java Workspaces\GameCalendar\Game Calendar\libs\lwjgl\lwjgl-shaderc.jar;E:\Java Workspaces\GameCalendar\Game Calendar\libs\lwjgl\lwjgl-sse.jar;E:\Java Workspaces\GameCalendar\Game Calendar\libs\lwjgl\lwjgl-stb.jar;E:\Java Workspaces\GameCalendar\Game Calendar\libs\lwjgl\lwjgl-tinyfd.jar;E:\Java Workspaces\GameCalendar\Game Calendar\libs\lwjgl\lwjgl-vma.jar;E:\Java Workspaces\GameCalendar\Game Calendar\
Launcher Type: SUN_STANDARD

Environment Variables:
JAVA_HOME=C:\Program Files\Java\jdk1.8.0_161
PATH=C:\Program Files\Java\jdk1.8.0_161\jre\bin;C:/Program Files/Java/jre1.8.0_251/bin/server;C:/Program Files/Java/jre1.8.0_251/bin;C:/Program Files/Java/jre1.8.0_251/lib/amd64;C:\Program Files (x86)\Common Files\Oracle\Java\javapath;C:\ProgramData\Oracle\Java\javapath;C:\Program Files\Common Files\Microsoft Shared\Windows Live;C:\Program Files (x86)\Common Files\Microsoft Shared\Windows Live;C:\Program Files (x86)\Intel\iCLS Client\;C:\Program Files\Intel\iCLS Client\;C:\Windows\system32;C:\Windows;C:\Windows\System32\Wbem;C:\Windows\System32\WindowsPowerShell\v1.0\;C:\Program Files\Intel\Intel(R) Management Engine Components\DAL;C:\Program Files\Intel\Intel(R) Management Engine Components\IPT;C:\Program Files (x86)\Intel\Intel(R) Management Engine Components\DAL;C:\Program Files (x86)\Intel\Intel(R) Management Engine Components\IPT;C:\Program Files (x86)\ATI Technologies\ATI.ACE\Core-Static;C:\Program Files (x86)\Windows Live\Shared;C:\Program Files\MATLAB\R2012b\runtime\win64;C:\Program Files\MATLAB\R2012b\bin;C:\Program Files\Java\jdk1.7.0_55\bin;E:\Gradle\bin;C:\Program Files (x86)\AMD\ATI.ACE\Core-Static;C:\Program Files (x86)\GtkSharp\2.12\bin;C:\Program Files (x86)\NVIDIA Corporation\PhysX\Common;C:\Program Files\NVIDIA Corporation\NVIDIA NvDLISR;C:\AppServ\php5;C:\AppServ\MySQL\bin;C:\Ant\apache-ant-1.9.1\bin;C:\Users\Reika\AppData\Local\Gource\cmd;E:\eclipse-SDK-4.10-win32-x86_64\eclipse;
USERNAME=Reika
OS=Windows_NT
PROCESSOR_IDENTIFIER=Intel64 Family 6 Model 58 Stepping 9, GenuineIntel



---------------  S Y S T E M  ---------------

OS: Windows 7 , 64 bit Build 7601 (6.1.7601.24441)

CPU:total 8 (initial active 8) (4 cores per cpu, 2 threads per core) family 6 model 58 stepping 9, cmov, cx8, fxsr, mmx, sse, sse2, sse3, ssse3, sse4.1, sse4.2, popcnt, avx, aes, clmul, erms, ht, tsc, tscinvbit, tscinv

Memory: 4k page, physical 16727860k(3977128k free), swap 21968840k(3340952k free)

vm_info: Java HotSpot(TM) 64-Bit Server VM (25.161-b12) for windows-amd64 JRE (1.8.0_161-b12), built on Dec 19 2017 17:52:25 by "java_re" with MS VC++ 10.0 (VS2010)

time: Mon Aug 31 20:31:04 2020
elapsed time: 6927 seconds (0d 1h 55m 27s)

