#
# A fatal error has been detected by the Java Runtime Environment:
#
#  EXCEPTION_ACCESS_VIOLATION (0xc0000005) at pc=0x000007fea8533ce3, pid=16684, tid=0x0000000000002a98
#
# JRE version: Java(TM) SE Runtime Environment (8.0_161-b12) (build 1.8.0_161-b12)
# Java VM: Java HotSpot(TM) 64-Bit Server VM (25.161-b12 mixed mode windows-amd64 compressed oops)
# Problematic frame:
# C  0x000007fea8533ce3
#
# Failed to write core dump. Minidumps are not enabled by default on client versions of Windows
#
# If you would like to submit a bug report, please visit:
#   http://bugreport.java.com/bugreport/crash.jsp
# The crash happened outside the Java Virtual Machine in native code.
# See problematic frame for where to report the bug.
#

---------------  T H R E A D  ---------------

Current thread (0x0000000020b4a000):  JavaThread "Thread-0" [_thread_in_native, id=10904, stack(0x0000000021c50000,0x0000000021d50000)]

siginfo: ExceptionCode=0xc0000005, writing address 0x0000000000000000

Registers:
RAX=0xfffffffffffff6c0, RBX=0x0000000031370040, RCX=0x0000000000000025, RDX=0x0000000031370000
RSP=0x0000000021d4d4c0, RBP=0x0000000000000020, RSI=0x0000000000000000, RDI=0x0000000000000000
R8 =0x0000000000000960, R9 =0x000007fea854df90, R10=0x0000000000000000, R11=0x0000000000000044
R12=0x0000000021d4e520, R13=0x00000000000001b4, R14=0x0000000031370000, R15=0x000000000000016c
RIP=0x000007fea8533ce3, EFLAGS=0x0000000000010202

Top of Stack: (sp=0x0000000021d4d4c0)
0x0000000021d4d4c0:   000002dc4aa5b5e0 0000000032121770
0x0000000021d4d4d0:   0000000000000044 0000000000000001
0x0000000021d4d4e0:   0000000032121770 000007fea8536a15
0x0000000021d4d4f0:   0000000000000001 0000000000000960
0x0000000021d4d500:   0000000021d4d5f0 0000000000000000
0x0000000021d4d510:   0000000000000001 0000000700000000
0x0000000021d4d520:   0000000000000000 0000000000000000
0x0000000021d4d530:   0000000000000000 0000000000000320
0x0000000021d4d540:   000000000000016c 0000000020b4a001
0x0000000021d4d550:   0000000021d4e7c0 0000000000000046
0x0000000021d4d560:   0000000000000000 0000000020b4a000
0x0000000021d4d570:   0000000000000000 0000000000000000
0x0000000021d4d580:   000001b400000320 0000000000000001
0x0000000021d4d590:   0000000000000000 000000002505ad70
0x0000000021d4d5a0:   0000000100000001 000007fea953b670
0x0000000021d4d5b0:   00000000ffffffff 0000004600000044 

Instructions: (pc=0x000007fea8533ce3)
0x000007fea8533cc3:   48 6b c1 c0 48 03 e8 66 0f 1f 44 00 00 0f 10 03
0x000007fea8533cd3:   0f 10 4b 10 0f 10 53 20 0f 10 5b 30 48 83 c3 40
0x000007fea8533ce3:   0f 2b 06 0f 2b 4e 10 0f 2b 56 20 0f 2b 5e 30 48
0x000007fea8533cf3:   83 c6 40 48 83 e9 01 75 d4 48 83 fd 10 72 22 48 


Register to memory mapping:

RAX=0xfffffffffffff6c0 is an unknown value
RBX=0x0000000031370040 is an unknown value
RCX=0x0000000000000025 is an unknown value
RDX=0x0000000031370000 is an unknown value
RSP=0x0000000021d4d4c0 is pointing into the stack for thread: 0x0000000020b4a000
RBP=0x0000000000000020 is an unknown value
RSI=0x0000000000000000 is an unknown value
RDI=0x0000000000000000 is an unknown value
R8 =0x0000000000000960 is an unknown value
R9 =0x000007fea854df90 is an unknown value
R10=0x0000000000000000 is an unknown value
R11=0x0000000000000044 is an unknown value
R12=0x0000000021d4e520 is pointing into the stack for thread: 0x0000000020b4a000
R13=0x00000000000001b4 is an unknown value
R14=0x0000000031370000 is an unknown value
R15=0x000000000000016c is an unknown value


Stack: [0x0000000021c50000,0x0000000021d50000],  sp=0x0000000021d4d4c0,  free space=1013k
Native frames: (J=compiled Java code, j=interpreted, Vv=VM code, C=native code)
C  0x000007fea8533ce3
C  0x000007fea8536a15
C  0x000007fea8537693
C  0x000007fea85550e6
C  0x000007fea83d1286
C  0x000007fea8513b92
C  0x000007fea84cf140
C  0x000007fea7fdd523
C  0x000007fea7fe414e
C  0x000007feed48c959
C  0x00000000029e1df0

Java frames: (J=compiled Java code, j=interpreted, Vv=VM code)
j  org.lwjgl.opengl.GL11C.nglReadPixels(IIIIIIJ)V+0
j  org.lwjgl.opengl.GL11C.glReadPixels(IIIIIIJ)V+10
j  org.lwjgl.opengl.GL11.glReadPixels(IIIIIIJ)V+10
j  Reika.GameCalendar.Rendering.Framebuffer.writeIntoImage(Ljava/awt/image/BufferedImage;IIZ)V+56
j  Reika.GameCalendar.Rendering.VideoRenderer.addFrame(LReika/GameCalendar/Rendering/Framebuffer;)V+117
J 3874 C1 Reika.GameCalendar.Rendering.RenderLoop.renderLoop()V (567 bytes) @ 0x0000000002b017f4 [0x0000000002b005c0+0x1234]
j  Reika.GameCalendar.Rendering.RenderLoop.run()V+8
v  ~StubRoutines::call_stub

---------------  P R O C E S S  ---------------

Java Threads: ( => current thread )
  0x0000000020883800 JavaThread "Java2D Disposer" daemon [_thread_blocked, id=9412, stack(0x0000000036ad0000,0x0000000036bd0000)]
  0x0000000026c2b800 JavaThread "Thread-6" [_thread_in_native, id=11788, stack(0x0000000031260000,0x0000000031360000)]
  0x0000000025c60000 JavaThread "Thread-5" [_thread_in_native, id=9720, stack(0x000000002b840000,0x000000002b940000)]
  0x000000002801f000 JavaThread "Prism Font Disposer" daemon [_thread_blocked, id=9132, stack(0x0000000029160000,0x0000000029260000)]
  0x000000002327f800 JavaThread "Thread-4" daemon [_thread_in_native, id=5976, stack(0x00000000265e0000,0x00000000266e0000)]
  0x00000000212dd000 JavaThread "JavaFX Application Thread" [_thread_in_native, id=6592, stack(0x00000000221b0000,0x00000000222b0000)]
  0x0000000020b80800 JavaThread "Thread-3" daemon [_thread_in_vm, id=13564, stack(0x0000000022090000,0x0000000022190000)]
  0x0000000020fed000 JavaThread "QuantumRenderer-0" daemon [_thread_blocked, id=19324, stack(0x000000001f290000,0x000000001f390000)]
  0x0000000020b8a000 JavaThread "JavaFX-Launcher" [_thread_blocked, id=10200, stack(0x0000000021ae0000,0x0000000021be0000)]
=>0x0000000020b4a000 JavaThread "Thread-0" [_thread_in_native, id=10904, stack(0x0000000021c50000,0x0000000021d50000)]
  0x000000001dbaa800 JavaThread "Service Thread" daemon [_thread_blocked, id=6712, stack(0x00000000200d0000,0x00000000201d0000)]
  0x000000001db65800 JavaThread "C1 CompilerThread3" daemon [_thread_blocked, id=9284, stack(0x000000001fab0000,0x000000001fbb0000)]
  0x000000001db65000 JavaThread "C2 CompilerThread2" daemon [_thread_blocked, id=12020, stack(0x000000001ff10000,0x0000000020010000)]
  0x000000001db62000 JavaThread "C2 CompilerThread1" daemon [_thread_blocked, id=7532, stack(0x000000001fdd0000,0x000000001fed0000)]
  0x000000001db5d800 JavaThread "C2 CompilerThread0" daemon [_thread_in_native, id=9144, stack(0x000000001fbd0000,0x000000001fcd0000)]
  0x000000001d932800 JavaThread "JDWP Command Reader" daemon [_thread_in_native, id=9824, stack(0x000000001f9b0000,0x000000001fab0000)]
  0x000000001d931000 JavaThread "JDWP Event Helper Thread" daemon [_thread_blocked, id=18456, stack(0x000000001f800000,0x000000001f900000)]
  0x000000001d926000 JavaThread "JDWP Transport Listener: dt_socket" daemon [_thread_blocked, id=10180, stack(0x000000001f5e0000,0x000000001f6e0000)]
  0x000000001d91a800 JavaThread "Attach Listener" daemon [_thread_blocked, id=7980, stack(0x000000001ecf0000,0x000000001edf0000)]
  0x000000001d919800 JavaThread "Signal Dispatcher" daemon [_thread_blocked, id=10960, stack(0x000000001ee00000,0x000000001ef00000)]
  0x000000001c865000 JavaThread "Finalizer" daemon [_thread_blocked, id=16516, stack(0x000000001eb90000,0x000000001ec90000)]
  0x000000001c85e000 JavaThread "Reference Handler" daemon [_thread_blocked, id=11516, stack(0x000000001ea80000,0x000000001eb80000)]
  0x000000000222b800 JavaThread "main" [_thread_blocked, id=17724, stack(0x00000000025f0000,0x00000000026f0000)]

Other Threads:
  0x000000001d8c2800 VMThread [stack: 0x000000001e970000,0x000000001ea70000] [id=16472]
  0x000000001dbaf000 WatcherThread [stack: 0x0000000020a10000,0x0000000020b10000] [id=8400]

VM state:not at safepoint (normal execution)

VM Mutex/Monitor currently owned by a thread: None

Heap:
 PSYoungGen      total 552448K, used 489393K [0x000000076af00000, 0x000000078e500000, 0x00000007c0000000)
  eden space 551936K, 88% used [0x000000076af00000,0x0000000788c94588,0x000000078ca00000)
  from space 512K, 68% used [0x000000078e480000,0x000000078e4d8000,0x000000078e500000)
  to   space 11776K, 0% used [0x000000078ce00000,0x000000078ce00000,0x000000078d980000)
 ParOldGen       total 108544K, used 13652K [0x00000006c0c00000, 0x00000006c7600000, 0x000000076af00000)
  object space 108544K, 12% used [0x00000006c0c00000,0x00000006c19552f0,0x00000006c7600000)
 Metaspace       used 28459K, capacity 29629K, committed 29824K, reserved 1075200K
  class space    used 3411K, capacity 3678K, committed 3712K, reserved 1048576K

Card table byte_map: [0x0000000011d80000,0x0000000012580000] byte_map_base: 0x000000000e77a000

Marking Bits: (ParMarkBitMap*) 0x0000000070aaf860
 Begin Bits: [0x00000000136d0000, 0x00000000176a0000)
 End Bits:   [0x00000000176a0000, 0x000000001b670000)

Polling page: 0x0000000000230000

CodeCache: size=245760Kb used=15121Kb max_used=15998Kb free=230638Kb
 bounds [0x00000000029c0000, 0x0000000003970000, 0x00000000119c0000]
 total_blobs=5415 nmethods=4117 adapters=1218
 compilation: enabled

Compilation events (10 events):
Event: 11.378 Thread 0x000000001db65800 4601       3       javafx.scene.input.PickResult::<init> (47 bytes)
Event: 11.379 Thread 0x000000001db65800 nmethod 4601 0x0000000003082fd0 code [0x0000000003083120, 0x0000000003083350]
Event: 11.404 Thread 0x000000001db65800 4602       3       javafx.scene.Scene$ClickGenerator::preProcess (290 bytes)
Event: 11.407 Thread 0x000000001db65800 nmethod 4602 0x0000000002b48150 code [0x0000000002b48540, 0x0000000002b4b598]
Event: 11.408 Thread 0x000000001db65800 4603       3       javafx.scene.Scene$ClickGenerator::postProcess (258 bytes)
Event: 11.409 Thread 0x000000001db65800 nmethod 4603 0x0000000002e44a10 code [0x0000000002e44d00, 0x0000000002e469d8]
Event: 11.434 Thread 0x000000001db65800 4604       3       javafx.scene.Scene$MouseHandler::clearPDREventTargets (46 bytes)
Event: 11.435 Thread 0x000000001db65800 nmethod 4604 0x00000000031c6f50 code [0x00000000031c70e0, 0x00000000031c7658]
Event: 11.435 Thread 0x000000001db65800 4605       3       javafx.scene.Scene$TargetWrapper::clear (12 bytes)
Event: 11.435 Thread 0x000000001db65800 nmethod 4605 0x0000000003199050 code [0x00000000031991a0, 0x0000000003199390]

GC Heap History (10 events):
Event: 6.750 GC heap before
{Heap before GC invocations=7 (full 1):
 PSYoungGen      total 267776K, used 260224K [0x000000076af00000, 0x000000077ee80000, 0x00000007c0000000)
  eden space 257024K, 100% used [0x000000076af00000,0x000000077aa00000,0x000000077aa00000)
  from space 10752K, 29% used [0x000000077aa00000,0x000000077ad20000,0x000000077b480000)
  to   space 11776K, 0% used [0x000000077e300000,0x000000077e300000,0x000000077ee80000)
 ParOldGen       total 108544K, used 10584K [0x00000006c0c00000, 0x00000006c7600000, 0x000000076af00000)
  object space 108544K, 9% used [0x00000006c0c00000,0x00000006c1656068,0x00000006c7600000)
 Metaspace       used 26790K, capacity 27973K, committed 28160K, reserved 1073152K
  class space    used 3284K, capacity 3536K, committed 3584K, reserved 1048576K
Event: 6.763 GC heap after
Heap after GC invocations=7 (full 1):
 PSYoungGen      total 315392K, used 3424K [0x000000076af00000, 0x0000000785080000, 0x00000007c0000000)
  eden space 303616K, 0% used [0x000000076af00000,0x000000076af00000,0x000000077d780000)
  from space 11776K, 29% used [0x000000077e300000,0x000000077e658000,0x000000077ee80000)
  to   space 11776K, 0% used [0x000000077d780000,0x000000077d780000,0x000000077e300000)
 ParOldGen       total 108544K, used 10592K [0x00000006c0c00000, 0x00000006c7600000, 0x000000076af00000)
  object space 108544K, 9% used [0x00000006c0c00000,0x00000006c1658068,0x00000006c7600000)
 Metaspace       used 26790K, capacity 27973K, committed 28160K, reserved 1073152K
  class space    used 3284K, capacity 3536K, committed 3584K, reserved 1048576K
}
Event: 7.364 GC heap before
{Heap before GC invocations=8 (full 1):
 PSYoungGen      total 315392K, used 307040K [0x000000076af00000, 0x0000000785080000, 0x00000007c0000000)
  eden space 303616K, 100% used [0x000000076af00000,0x000000077d780000,0x000000077d780000)
  from space 11776K, 29% used [0x000000077e300000,0x000000077e658000,0x000000077ee80000)
  to   space 11776K, 0% used [0x000000077d780000,0x000000077d780000,0x000000077e300000)
 ParOldGen       total 108544K, used 10592K [0x00000006c0c00000, 0x00000006c7600000, 0x000000076af00000)
  object space 108544K, 9% used [0x00000006c0c00000,0x00000006c1658068,0x00000006c7600000)
 Metaspace       used 26836K, capacity 28045K, committed 28160K, reserved 1073152K
  class space    used 3284K, capacity 3536K, committed 3584K, reserved 1048576K
Event: 7.368 GC heap after
Heap after GC invocations=8 (full 1):
 PSYoungGen      total 315392K, used 3121K [0x000000076af00000, 0x0000000788980000, 0x00000007c0000000)
  eden space 303616K, 0% used [0x000000076af00000,0x000000076af00000,0x000000077d780000)
  from space 11776K, 26% used [0x000000077d780000,0x000000077da8c6d0,0x000000077e300000)
  to   space 11264K, 0% used [0x0000000787e80000,0x0000000787e80000,0x0000000788980000)
 ParOldGen       total 108544K, used 10600K [0x00000006c0c00000, 0x00000006c7600000, 0x000000076af00000)
  object space 108544K, 9% used [0x00000006c0c00000,0x00000006c165a068,0x00000006c7600000)
 Metaspace       used 26836K, capacity 28045K, committed 28160K, reserved 1073152K
  class space    used 3284K, capacity 3536K, committed 3584K, reserved 1048576K
}
Event: 7.948 GC heap before
{Heap before GC invocations=9 (full 1):
 PSYoungGen      total 315392K, used 306737K [0x000000076af00000, 0x0000000788980000, 0x00000007c0000000)
  eden space 303616K, 100% used [0x000000076af00000,0x000000077d780000,0x000000077d780000)
  from space 11776K, 26% used [0x000000077d780000,0x000000077da8c6d0,0x000000077e300000)
  to   space 11264K, 0% used [0x0000000787e80000,0x0000000787e80000,0x0000000788980000)
 ParOldGen       total 108544K, used 10600K [0x00000006c0c00000, 0x00000006c7600000, 0x000000076af00000)
  object space 108544K, 9% used [0x00000006c0c00000,0x00000006c165a068,0x00000006c7600000)
 Metaspace       used 26903K, capacity 28045K, committed 28160K, reserved 1073152K
  class space    used 3284K, capacity 3536K, committed 3584K, reserved 1048576K
Event: 7.951 GC heap after
Heap after GC invocations=9 (full 1):
 PSYoungGen      total 452096K, used 288K [0x000000076af00000, 0x0000000787f00000, 0x00000007c0000000)
  eden space 451584K, 0% used [0x000000076af00000,0x000000076af00000,0x0000000786800000)
  from space 512K, 56% used [0x0000000787e80000,0x0000000787ec8000,0x0000000787f00000)
  to   space 11776K, 0% used [0x0000000786800000,0x0000000786800000,0x0000000787380000)
 ParOldGen       total 108544K, used 13612K [0x00000006c0c00000, 0x00000006c7600000, 0x000000076af00000)
  object space 108544K, 12% used [0x00000006c0c00000,0x00000006c194b2f0,0x00000006c7600000)
 Metaspace       used 26903K, capacity 28045K, committed 28160K, reserved 1073152K
  class space    used 3284K, capacity 3536K, committed 3584K, reserved 1048576K
}
Event: 8.846 GC heap before
{Heap before GC invocations=10 (full 1):
 PSYoungGen      total 452096K, used 451872K [0x000000076af00000, 0x0000000787f00000, 0x00000007c0000000)
  eden space 451584K, 100% used [0x000000076af00000,0x0000000786800000,0x0000000786800000)
  from space 512K, 56% used [0x0000000787e80000,0x0000000787ec8000,0x0000000787f00000)
  to   space 11776K, 0% used [0x0000000786800000,0x0000000786800000,0x0000000787380000)
 ParOldGen       total 108544K, used 13612K [0x00000006c0c00000, 0x00000006c7600000, 0x000000076af00000)
  object space 108544K, 12% used [0x00000006c0c00000,0x00000006c194b2f0,0x00000006c7600000)
 Metaspace       used 26978K, capacity 28109K, committed 28160K, reserved 1073152K
  class space    used 3286K, capacity 3536K, committed 3584K, reserved 1048576K
Event: 8.847 GC heap after
Heap after GC invocations=10 (full 1):
 PSYoungGen      total 463360K, used 448K [0x000000076af00000, 0x000000078f000000, 0x00000007c0000000)
  eden space 451584K, 0% used [0x000000076af00000,0x000000076af00000,0x0000000786800000)
  from space 11776K, 3% used [0x0000000786800000,0x0000000786870000,0x0000000787380000)
  to   space 11776K, 0% used [0x000000078e480000,0x000000078e480000,0x000000078f000000)
 ParOldGen       total 108544K, used 13644K [0x00000006c0c00000, 0x00000006c7600000, 0x000000076af00000)
  object space 108544K, 12% used [0x00000006c0c00000,0x00000006c19532f0,0x00000006c7600000)
 Metaspace       used 26978K, capacity 28109K, committed 28160K, reserved 1073152K
  class space    used 3286K, capacity 3536K, committed 3584K, reserved 1048576K
}
Event: 9.720 GC heap before
{Heap before GC invocations=11 (full 1):
 PSYoungGen      total 463360K, used 452032K [0x000000076af00000, 0x000000078f000000, 0x00000007c0000000)
  eden space 451584K, 100% used [0x000000076af00000,0x0000000786800000,0x0000000786800000)
  from space 11776K, 3% used [0x0000000786800000,0x0000000786870000,0x0000000787380000)
  to   space 11776K, 0% used [0x000000078e480000,0x000000078e480000,0x000000078f000000)
 ParOldGen       total 108544K, used 13644K [0x00000006c0c00000, 0x00000006c7600000, 0x000000076af00000)
  object space 108544K, 12% used [0x00000006c0c00000,0x00000006c19532f0,0x00000006c7600000)
 Metaspace       used 27105K, capacity 28307K, committed 28416K, reserved 1075200K
  class space    used 3290K, capacity 3537K, committed 3584K, reserved 1048576K
Event: 9.721 GC heap after
Heap after GC invocations=11 (full 1):
 PSYoungGen      total 552448K, used 352K [0x000000076af00000, 0x000000078e500000, 0x00000007c0000000)
  eden space 551936K, 0% used [0x000000076af00000,0x000000076af00000,0x000000078ca00000)
  from space 512K, 68% used [0x000000078e480000,0x000000078e4d8000,0x000000078e500000)
  to   space 11776K, 0% used [0x000000078ce00000,0x000000078ce00000,0x000000078d980000)
 ParOldGen       total 108544K, used 13652K [0x00000006c0c00000, 0x00000006c7600000, 0x000000076af00000)
  object space 108544K, 12% used [0x00000006c0c00000,0x00000006c19552f0,0x00000006c7600000)
 Metaspace       used 27105K, capacity 28307K, committed 28416K, reserved 1075200K
  class space    used 3290K, capacity 3537K, committed 3584K, reserved 1048576K
}

Deoptimization events (10 events):
Event: 9.728 Thread 0x0000000020fed000 Uncommon trap: reason=unstable_if action=reinterpret pc=0x0000000003836988 method=com.sun.javafx.geom.RectBounds.contains(Lcom/sun/javafx/geom/RectBounds;)Z @ 37
Event: 9.728 Thread 0x0000000020fed000 Uncommon trap: reason=unstable_if action=reinterpret pc=0x0000000003755900 method=com.sun.javafx.sg.prism.NGNode.computeNodeRenderRoot(Lcom/sun/javafx/sg/prism/NodePath;Lcom/sun/javafx/geom/RectBounds;ILcom/sun/javafx/geom/transform/BaseTransform;Lcom/sun
Event: 9.729 Thread 0x0000000020fed000 Uncommon trap: reason=unstable_if action=reinterpret pc=0x000000000383bcfc method=com.sun.prism.impl.GlyphCache.render(Lcom/sun/prism/impl/BaseContext;Lcom/sun/javafx/scene/text/GlyphList;FFIILcom/sun/prism/paint/Color;Lcom/sun/prism/paint/Color;Lcom/sun/
Event: 9.745 Thread 0x00000000212dd000 Uncommon trap: reason=unstable_if action=reinterpret pc=0x000000000389b604 method=javafx.scene.Node.updateBounds()V @ 37
Event: 9.745 Thread 0x00000000212dd000 Uncommon trap: reason=unstable_if action=reinterpret pc=0x00000000036a1408 method=javafx.scene.Node.updateBounds()V @ 27
Event: 10.096 Thread 0x0000000020fed000 Uncommon trap: reason=unstable_if action=reinterpret pc=0x000000000385c1e8 method=com.sun.javafx.sg.prism.NGGroup.renderContent(Lcom/sun/prism/Graphics;)V @ 52
Event: 10.122 Thread 0x00000000212dd000 Uncommon trap: reason=unstable_if action=reinterpret pc=0x000000000395b040 method=javafx.scene.Node.impl_intersectsBounds(Lcom/sun/javafx/geom/PickRay;)D @ 902
Event: 10.701 Thread 0x0000000020b4a000 Uncommon trap: reason=unstable_if action=reinterpret pc=0x000000000379cd14 method=Reika.GameCalendar.Rendering.CalendarRenderer.draw(II)V @ 755
Event: 10.745 Thread 0x0000000020b4a000 Uncommon trap: reason=unstable_if action=reinterpret pc=0x0000000003448adc method=java.lang.ThreadLocal$ThreadLocalMap.getEntry(Ljava/lang/ThreadLocal;)Ljava/lang/ThreadLocal$ThreadLocalMap$Entry; @ 29
Event: 10.749 Thread 0x0000000020b4a000 Uncommon trap: reason=unstable_if action=reinterpret pc=0x00000000034485f8 method=java.lang.ThreadLocal$ThreadLocalMap.getEntry(Ljava/lang/ThreadLocal;)Ljava/lang/ThreadLocal$ThreadLocalMap$Entry; @ 29

Classes redefined (0 events):
No events

Internal exceptions (10 events):
Event: 4.022 Thread 0x0000000020b4a000 Exception <a 'sun/nio/fs/WindowsException'> (0x000000076c12e858) thrown at [C:\re\workspace\8-2-build-windows-amd64-cygwin\jdk8u161\10277\hotspot\src\share\vm\prims\jni.cpp, line 709]
Event: 4.022 Thread 0x0000000020b4a000 Exception <a 'sun/nio/fs/WindowsException'> (0x000000076c12f120) thrown at [C:\re\workspace\8-2-build-windows-amd64-cygwin\jdk8u161\10277\hotspot\src\share\vm\prims\jni.cpp, line 709]
Event: 5.217 Thread 0x00000000212dd000 Exception <a 'java/io/FileNotFoundException'> (0x000000077012b6b0) thrown at [C:\re\workspace\8-2-build-windows-amd64-cygwin\jdk8u161\10277\hotspot\src\share\vm\prims\jni.cpp, line 709]
Event: 5.217 Thread 0x00000000212dd000 Exception <a 'java/io/FileNotFoundException'> (0x000000077012c7a0) thrown at [C:\re\workspace\8-2-build-windows-amd64-cygwin\jdk8u161\10277\hotspot\src\share\vm\prims\jni.cpp, line 709]
Event: 5.220 Thread 0x00000000212dd000 Exception <a 'java/io/FileNotFoundException'> (0x00000007701382c0) thrown at [C:\re\workspace\8-2-build-windows-amd64-cygwin\jdk8u161\10277\hotspot\src\share\vm\prims\jni.cpp, line 709]
Event: 5.364 Thread 0x0000000020b4a000 Implicit null exception at 0x000000000344630f to 0x0000000003446399
Event: 9.494 Thread 0x0000000020fed000 Implicit null exception at 0x00000000037c505f to 0x00000000037c6f29
Event: 9.497 Thread 0x00000000212dd000 Implicit null exception at 0x000000000367eb24 to 0x000000000367f085
Event: 9.499 Thread 0x0000000020fed000 Implicit null exception at 0x0000000003758a1f to 0x0000000003759319
Event: 10.740 Thread 0x0000000020b4a000 Exception <a 'java/io/FileNotFoundException'> (0x0000000784b17178) thrown at [C:\re\workspace\8-2-build-windows-amd64-cygwin\jdk8u161\10277\hotspot\src\share\vm\prims\jni.cpp, line 709]

Events (10 events):
Event: 11.156 loading class Reika/GameCalendar/Util/TextureLoader
Event: 11.156 loading class Reika/GameCalendar/Util/TextureLoader done
Event: 11.156 Thread 0x0000000020b4a000 DEOPT PACKING pc=0x0000000002d41e49 sp=0x0000000021d4dba0
Event: 11.156 Thread 0x0000000020b4a000 DEOPT UNPACKING pc=0x0000000002a07890 sp=0x0000000021d4d8f0 mode 1
Event: 11.156 Thread 0x0000000020b4a000 DEOPT PACKING pc=0x0000000002c406c4 sp=0x0000000021d4dc20
Event: 11.156 Thread 0x0000000020b4a000 DEOPT UNPACKING pc=0x0000000002a07890 sp=0x0000000021d4da40 mode 1
Event: 11.156 Thread 0x0000000020b4a000 DEOPT PACKING pc=0x0000000002c4045c sp=0x0000000021d4ddb0
Event: 11.156 Thread 0x0000000020b4a000 DEOPT UNPACKING pc=0x0000000002a07890 sp=0x0000000021d4dbd0 mode 1
Event: 11.213 Thread 0x0000000020b4a000 DEOPT PACKING pc=0x00000000034fd7d9 sp=0x0000000021d4ede0
Event: 11.213 Thread 0x0000000020b4a000 DEOPT UNPACKING pc=0x0000000002a07890 sp=0x0000000021d4ec18 mode 0


Dynamic libraries:
0x000000013fe20000 - 0x000000013fe57000 	C:\Program Files\Java\jdk1.8.0_161\jre\bin\javaw.exe
0x0000000077660000 - 0x00000000777ff000 	C:\Windows\SYSTEM32\ntdll.dll
0x0000000077540000 - 0x000000007765f000 	C:\Windows\system32\kernel32.dll
0x000007fefd490000 - 0x000007fefd4fa000 	C:\Windows\system32\KERNELBASE.dll
0x000007fefed50000 - 0x000007fefee2b000 	C:\Windows\system32\ADVAPI32.dll
0x000007feff0d0000 - 0x000007feff16f000 	C:\Windows\system32\msvcrt.dll
0x000007fefeeb0000 - 0x000007fefeecf000 	C:\Windows\SYSTEM32\sechost.dll
0x000007fefdda0000 - 0x000007fefdecc000 	C:\Windows\system32\RPCRT4.dll
0x0000000077440000 - 0x000000007753a000 	C:\Windows\system32\USER32.dll
0x000007fefdf50000 - 0x000007fefdfb7000 	C:\Windows\system32\GDI32.dll
0x000007feff8d0000 - 0x000007feff8de000 	C:\Windows\system32\LPK.dll
0x000007feff5e0000 - 0x000007feff6ab000 	C:\Windows\system32\USP10.dll
0x000007fefb3e0000 - 0x000007fefb5d5000 	C:\Windows\WinSxS\amd64_microsoft.windows.common-controls_6595b64144ccf1df_6.0.7601.24440_none_e36f1bbf30ff0606\COMCTL32.dll
0x000007fefded0000 - 0x000007fefdf41000 	C:\Windows\system32\SHLWAPI.dll
0x000007feff6b0000 - 0x000007feff6de000 	C:\Windows\system32\IMM32.DLL
0x000007feff170000 - 0x000007feff279000 	C:\Windows\system32\MSCTF.dll
0x0000000078be0000 - 0x0000000078cb2000 	C:\Program Files\Java\jdk1.8.0_161\jre\bin\msvcr100.dll
0x0000000070290000 - 0x0000000070b2f000 	C:\Program Files\Java\jdk1.8.0_161\jre\bin\server\jvm.dll
0x000007fee90a0000 - 0x000007fee90a9000 	C:\Windows\system32\WSOCK32.dll
0x000007feff900000 - 0x000007feff94d000 	C:\Windows\system32\WS2_32.dll
0x000007fefd500000 - 0x000007fefd508000 	C:\Windows\system32\NSI.dll
0x000007fef9b50000 - 0x000007fef9b8b000 	C:\Windows\system32\WINMM.dll
0x000007fefca70000 - 0x000007fefca7c000 	C:\Windows\system32\VERSION.dll
0x0000000077810000 - 0x0000000077817000 	C:\Windows\system32\PSAPI.DLL
0x0000000071510000 - 0x000000007151f000 	C:\Program Files\Java\jdk1.8.0_161\jre\bin\verify.dll
0x000000006cfe0000 - 0x000000006d009000 	C:\Program Files\Java\jdk1.8.0_161\jre\bin\java.dll
0x000000006cb00000 - 0x000000006cb35000 	C:\Program Files\Java\jdk1.8.0_161\jre\bin\jdwp.dll
0x0000000000260000 - 0x0000000000268000 	C:\Program Files\Java\jdk1.8.0_161\jre\bin\npt.dll
0x000000006d100000 - 0x000000006d123000 	C:\Program Files\Java\jdk1.8.0_161\jre\bin\instrument.dll
0x0000000071310000 - 0x0000000071326000 	C:\Program Files\Java\jdk1.8.0_161\jre\bin\zip.dll
0x000007fefdfc0000 - 0x000007fefed4b000 	C:\Windows\system32\SHELL32.dll
0x000007fefeed0000 - 0x000007feff0cf000 	C:\Windows\system32\ole32.dll
0x000007fefd140000 - 0x000007fefd14f000 	C:\Windows\system32\profapi.dll
0x000000006c7c0000 - 0x000000006c7c9000 	C:\Program Files\Java\jdk1.8.0_161\jre\bin\dt_socket.dll
0x000007fef9b30000 - 0x000007fef9b45000 	C:\Windows\system32\NLAapi.dll
0x000007fef3b50000 - 0x000007fef3b65000 	C:\Windows\system32\napinsp.dll
0x000007fef3b30000 - 0x000007fef3b49000 	C:\Windows\system32\pnrpnsp.dll
0x000007fefc580000 - 0x000007fefc5d5000 	C:\Windows\System32\mswsock.dll
0x000007fefc3b0000 - 0x000007fefc40b000 	C:\Windows\system32\DNSAPI.dll
0x000007fef7a80000 - 0x000007fef7a8b000 	C:\Windows\System32\winrnr.dll
0x000007fef3b00000 - 0x000007fef3b2f000 	C:\Program Files\Common Files\Microsoft Shared\Windows Live\WLIDNSP.DLL
0x000007fefc9f0000 - 0x000007fefca17000 	C:\Windows\system32\IPHLPAPI.DLL
0x000007fefc9e0000 - 0x000007fefc9eb000 	C:\Windows\system32\WINNSI.DLL
0x000007fef9720000 - 0x000007fef9773000 	C:\Windows\System32\fwpuclnt.dll
0x000007fef3af0000 - 0x000007fef3af8000 	C:\Windows\system32\rasadhlp.dll
0x000007fefc900000 - 0x000007fefc907000 	C:\Windows\System32\wshtcpip.dll
0x000007fef97a0000 - 0x000007fef97a3000 	C:\Program Files\Java\jdk1.8.0_161\jre\bin\api-ms-win-core-console-l1-1-0.dll
0x000007fef9790000 - 0x000007fef9793000 	C:\Program Files\Java\jdk1.8.0_161\jre\bin\api-ms-win-core-datetime-l1-1-0.dll
0x000007fef8db0000 - 0x000007fef8db3000 	C:\Program Files\Java\jdk1.8.0_161\jre\bin\api-ms-win-core-debug-l1-1-0.dll
0x000007fef8d90000 - 0x000007fef8d93000 	C:\Program Files\Java\jdk1.8.0_161\jre\bin\api-ms-win-core-errorhandling-l1-1-0.dll
0x000007fef8d80000 - 0x000007fef8d84000 	C:\Program Files\Java\jdk1.8.0_161\jre\bin\api-ms-win-core-file-l1-1-0.dll
0x000007fef8d70000 - 0x000007fef8d73000 	C:\Program Files\Java\jdk1.8.0_161\jre\bin\api-ms-win-core-file-l1-2-0.dll
0x000007fef8d60000 - 0x000007fef8d63000 	C:\Program Files\Java\jdk1.8.0_161\jre\bin\api-ms-win-core-file-l2-1-0.dll
0x000007fef8d30000 - 0x000007fef8d33000 	C:\Program Files\Java\jdk1.8.0_161\jre\bin\api-ms-win-core-handle-l1-1-0.dll
0x000007fef8d00000 - 0x000007fef8d03000 	C:\Program Files\Java\jdk1.8.0_161\jre\bin\api-ms-win-core-heap-l1-1-0.dll
0x000007fef8cf0000 - 0x000007fef8cf3000 	C:\Program Files\Java\jdk1.8.0_161\jre\bin\api-ms-win-core-interlocked-l1-1-0.dll
0x000007fef8ce0000 - 0x000007fef8ce3000 	C:\Program Files\Java\jdk1.8.0_161\jre\bin\api-ms-win-core-libraryloader-l1-1-0.dll
0x000007fef8cd0000 - 0x000007fef8cd3000 	C:\Program Files\Java\jdk1.8.0_161\jre\bin\api-ms-win-core-localization-l1-2-0.dll
0x000007fef8cc0000 - 0x000007fef8cc3000 	C:\Program Files\Java\jdk1.8.0_161\jre\bin\api-ms-win-core-memory-l1-1-0.dll
0x000007fef8c80000 - 0x000007fef8c83000 	C:\Program Files\Java\jdk1.8.0_161\jre\bin\api-ms-win-core-namedpipe-l1-1-0.dll
0x000007fef8c70000 - 0x000007fef8c73000 	C:\Program Files\Java\jdk1.8.0_161\jre\bin\api-ms-win-core-processenvironment-l1-1-0.dll
0x000007fef8c60000 - 0x000007fef8c63000 	C:\Program Files\Java\jdk1.8.0_161\jre\bin\api-ms-win-core-processthreads-l1-1-0.dll
0x000007fef8c50000 - 0x000007fef8c53000 	C:\Program Files\Java\jdk1.8.0_161\jre\bin\api-ms-win-core-processthreads-l1-1-1.dll
0x000007fef8be0000 - 0x000007fef8be3000 	C:\Program Files\Java\jdk1.8.0_161\jre\bin\api-ms-win-core-profile-l1-1-0.dll
0x000007fef8bd0000 - 0x000007fef8bd3000 	C:\Program Files\Java\jdk1.8.0_161\jre\bin\api-ms-win-core-rtlsupport-l1-1-0.dll
0x000007fef8bc0000 - 0x000007fef8bc3000 	C:\Program Files\Java\jdk1.8.0_161\jre\bin\api-ms-win-core-string-l1-1-0.dll
0x000007fef8bb0000 - 0x000007fef8bb3000 	C:\Program Files\Java\jdk1.8.0_161\jre\bin\api-ms-win-core-synch-l1-1-0.dll
0x000007fef8b80000 - 0x000007fef8b83000 	C:\Program Files\Java\jdk1.8.0_161\jre\bin\api-ms-win-core-synch-l1-2-0.dll
0x000007fef8b60000 - 0x000007fef8b63000 	C:\Program Files\Java\jdk1.8.0_161\jre\bin\api-ms-win-core-sysinfo-l1-1-0.dll
0x000007fef8b50000 - 0x000007fef8b53000 	C:\Program Files\Java\jdk1.8.0_161\jre\bin\api-ms-win-core-timezone-l1-1-0.dll
0x000007fef8ad0000 - 0x000007fef8ad3000 	C:\Program Files\Java\jdk1.8.0_161\jre\bin\api-ms-win-core-util-l1-1-0.dll
0x000007fef8ac0000 - 0x000007fef8ac3000 	C:\Program Files\Java\jdk1.8.0_161\jre\bin\api-ms-win-crt-conio-l1-1-0.dll
0x000007fef8ab0000 - 0x000007fef8ab4000 	C:\Program Files\Java\jdk1.8.0_161\jre\bin\api-ms-win-crt-convert-l1-1-0.dll
0x000007fef8aa0000 - 0x000007fef8aa3000 	C:\Program Files\Java\jdk1.8.0_161\jre\bin\api-ms-win-crt-environment-l1-1-0.dll
0x000007fef8a90000 - 0x000007fef8a93000 	C:\Program Files\Java\jdk1.8.0_161\jre\bin\api-ms-win-crt-filesystem-l1-1-0.dll
0x000007fef6c90000 - 0x000007fef6c93000 	C:\Program Files\Java\jdk1.8.0_161\jre\bin\api-ms-win-crt-heap-l1-1-0.dll
0x000007fef6c60000 - 0x000007fef6c63000 	C:\Program Files\Java\jdk1.8.0_161\jre\bin\api-ms-win-crt-locale-l1-1-0.dll
0x000007fef6c50000 - 0x000007fef6c55000 	C:\Program Files\Java\jdk1.8.0_161\jre\bin\api-ms-win-crt-math-l1-1-0.dll
0x000007fef6c40000 - 0x000007fef6c45000 	C:\Program Files\Java\jdk1.8.0_161\jre\bin\api-ms-win-crt-multibyte-l1-1-0.dll
0x000007fef6c30000 - 0x000007fef6c40000 	C:\Program Files\Java\jdk1.8.0_161\jre\bin\api-ms-win-crt-private-l1-1-0.dll
0x000007fef6c20000 - 0x000007fef6c23000 	C:\Program Files\Java\jdk1.8.0_161\jre\bin\api-ms-win-crt-process-l1-1-0.dll
0x000007fef6c10000 - 0x000007fef6c14000 	C:\Program Files\Java\jdk1.8.0_161\jre\bin\api-ms-win-crt-runtime-l1-1-0.dll
0x000007fef6b50000 - 0x000007fef6b54000 	C:\Program Files\Java\jdk1.8.0_161\jre\bin\api-ms-win-crt-stdio-l1-1-0.dll
0x000007fef6b40000 - 0x000007fef6b44000 	C:\Program Files\Java\jdk1.8.0_161\jre\bin\api-ms-win-crt-string-l1-1-0.dll
0x000007fef6b30000 - 0x000007fef6b33000 	C:\Program Files\Java\jdk1.8.0_161\jre\bin\api-ms-win-crt-time-l1-1-0.dll
0x000007fef6b20000 - 0x000007fef6b23000 	C:\Program Files\Java\jdk1.8.0_161\jre\bin\api-ms-win-crt-utility-l1-1-0.dll
0x000007fef6130000 - 0x000007fef6226000 	C:\Program Files\Java\jdk1.8.0_161\jre\bin\ucrtbase.dll
0x000007feed780000 - 0x000007feed7d1000 	C:\Program Files\Java\jdk1.8.0_161\jre\bin\concrt140.dll
0x000007feed550000 - 0x000007feed5ec000 	C:\Program Files\Java\jdk1.8.0_161\jre\bin\MSVCP140.dll
0x000007fef6b00000 - 0x000007fef6b16000 	C:\Program Files\Java\jdk1.8.0_161\jre\bin\VCRUNTIME140.dll
0x0000000070c60000 - 0x0000000070c83000 	C:\Program Files\Java\jdk1.8.0_161\jre\bin\prism_d3d.dll
0x000007fef42e0000 - 0x000007fef44df000 	C:\Windows\system32\d3d9.dll
0x000007fef7a90000 - 0x000007fef7a97000 	C:\Windows\system32\d3d8thk.dll
0x000007fefad90000 - 0x000007fefada8000 	C:\Windows\system32\dwmapi.dll
0x000007fefb1c0000 - 0x000007fefb216000 	C:\Windows\system32\uxtheme.dll
0x000007fec0380000 - 0x000007fec1ae7000 	C:\Windows\system32\nvd3dumx.dll
0x000000006d1a0000 - 0x000000006d1e9000 	C:\Program Files\Java\jdk1.8.0_161\jre\bin\glass.dll
0x000007feff460000 - 0x000007feff4f7000 	C:\Windows\system32\COMDLG32.dll
0x000007feff500000 - 0x000007feff5db000 	C:\Windows\system32\OLEAUT32.dll
0x000007fefcfe0000 - 0x000007fefcfef000 	C:\Windows\system32\CRYPTBASE.dll
0x000007fefaa10000 - 0x000007fefaa3c000 	C:\Windows\system32\powrprof.dll
0x000007feff280000 - 0x000007feff457000 	C:\Windows\system32\SETUPAPI.dll
0x000007fefd3e0000 - 0x000007fefd416000 	C:\Windows\system32\CFGMGR32.dll
0x000007fefd470000 - 0x000007fefd48a000 	C:\Windows\system32\DEVOBJ.dll
0x000007fec3690000 - 0x000007fec393e000 	C:\Windows\system32\nvspcap64.dll
0x000007fefca80000 - 0x000007fefcaad000 	C:\Windows\system32\ntmarta.dll
0x000007feff6e0000 - 0x000007feff732000 	C:\Windows\system32\WLDAP32.dll
0x000007fefd1a0000 - 0x000007fefd30d000 	C:\Windows\system32\crypt32.dll
0x000007fefd150000 - 0x000007fefd15f000 	C:\Windows\system32\MSASN1.dll
0x000007fefca40000 - 0x000007fefca67000 	C:\Windows\system32\cryptnet.dll
0x000007fefd430000 - 0x000007fefd46b000 	C:\Windows\system32\WINTRUST.DLL
0x000007feff8e0000 - 0x000007feff8f9000 	C:\Windows\system32\imagehlp.dll
0x000007fefc5e0000 - 0x000007fefc5f8000 	C:\Windows\system32\CRYPTSP.dll
0x000007fefc2c0000 - 0x000007fefc307000 	C:\Windows\system32\rsaenh.dll
0x000007fefc7b0000 - 0x000007fefc800000 	C:\Windows\system32\ncrypt.dll
0x000007fefc780000 - 0x000007fefc7a2000 	C:\Windows\system32\bcrypt.dll
0x000007fefc6f0000 - 0x000007fefc73c000 	C:\Windows\system32\bcryptprimitives.dll
0x000007fefd160000 - 0x000007fefd17e000 	C:\Windows\system32\USERENV.dll
0x000007fefcaf0000 - 0x000007fefcb0b000 	C:\Windows\system32\GPAPI.dll
0x000000006d380000 - 0x000000006d394000 	C:\Program Files\Java\jdk1.8.0_161\jre\bin\javafx_font.dll
0x000007fed7e30000 - 0x000007fed7fc7000 	C:\Windows\system32\dwrite.dll
0x000007fefdd00000 - 0x000007fefdd99000 	C:\Windows\system32\CLBCatQ.DLL
0x000007fefabe0000 - 0x000007fefad41000 	C:\Windows\system32\WindowsCodecs.dll
0x000007fefcf40000 - 0x000007fefcf97000 	C:\Windows\system32\apphelp.dll
0x000007feef300000 - 0x000007feef386000 	C:\Program Files (x86)\Dropbox\Client\DropboxExt64.45.0.dll
0x000007fefb2b0000 - 0x000007fefb3dc000 	C:\Windows\system32\propsys.dll
0x000007fee9840000 - 0x000007fee985f000 	C:\Windows\system32\thumbcache.dll
0x000007fee97d0000 - 0x000007fee983b000 	C:\Windows\system32\PhotoMetadataHandler.dll

VM Arguments:
jvm_args: -agentlib:jdwp=transport=dt_socket,suspend=y,address=localhost:52404 -Ddriftfx.winfallback=true -Djava.library.path=C:\Users\Reika\.gradle\caches\modules-2\files-2.1\org.lwjgl.lwjgl\lwjgl-platform\2.9.1\4c517eca808522457dd95ee8fc1fbcdbb602efbe;E:\Java Workspaces\GameCalendar\Game Calendar\libs\lwjgl\natives;E:\Java Workspaces\GameCalendar\Game Calendar\libs\lwjgl\natives;E:\Java Workspaces\GameCalendar\Game Calendar\libs\lwjgl\natives;E:\Java Workspaces\GameCalendar\Game Calendar\libs\lwjgl\natives;E:\Java Workspaces\GameCalendar\Game Calendar\libs\lwjgl\natives;E:\Java Workspaces\GameCalendar\Game Calendar\libs\lwjgl\natives;E:\Java Workspaces\GameCalendar\Game Calendar\libs\lwjgl\natives;E:\Java Workspaces\GameCalendar\Game Calendar\libs\lwjgl\natives;E:\Java Workspaces\GameCalendar\Game Calendar\libs\lwjgl\natives;E:\Java Workspaces\GameCalendar\Game Calendar\libs\lwjgl\natives;E:\Java Workspaces\GameCalendar\Game Calendar\libs\lwjgl\natives;E:\Java Workspaces\GameCalendar\Game Calendar\libs\lwjgl\natives;E:\Java Workspaces\GameCalendar\Game Calendar\libs\lwjgl\natives;E:\Java Workspaces\GameCalendar\Game Calendar\libs\lwjgl\natives;E:\Java Workspaces\GameCalendar\Game Calendar\libs\lwjgl\natives;E:\Java Workspaces\GameCalendar\Game Calendar\libs\lwjgl\natives;E:\Java Workspaces\GameCalendar\Game Calendar\libs\lwjgl\natives;E:\Java Workspaces\GameCalendar\Game Calendar\libs\lwjgl\natives;E:\Java Workspaces\GameCalendar\Game Calendar\libs\lwjgl\natives -javaagent:E:\eclipse-SDK-4.10-win32-x86_64\eclipse\configuration\org.eclipse.osgi\174\0\.cp\lib\javaagent-shaded.jar -Dfile.encoding=Cp1252 
java_command: Reika.GameCalendar.Main
java_class_path (initial): E:\Java Workspaces\GameCalendar\Game Calendar\bin;C:\Users\Reika\.gradle\caches\modules-2\files-2.1\com.google.guava\guava\17.0\9c6ef172e8de35fd8d4d8783e4821e57cdef7445\guava-17.0.jar;C:\Users\Reika\.gradle\caches\modules-2\files-2.1\org.apache.commons\commons-lang3\3.3.2\90a3822c38ec8c996e84c16a3477ef632cbc87a3\commons-lang3-3.3.2.jar;C:\Users\Reika\.gradle\caches\modules-2\files-2.1\commons-io\commons-io\2.4\b1b6ea3b7e4aa4f492509a4952029cd8e48019ad\commons-io-2.4.jar;C:\Users\Reika\.gradle\caches\modules-2\files-2.1\commons-codec\commons-codec\1.9\9ce04e34240f674bc72680f8b843b1457383161a\commons-codec-1.9.jar;E:\Java Workspaces\GameCalendar\Game Calendar\libs\lwjgl\lwjgl.jar;E:\Java Workspaces\GameCalendar\Game Calendar\libs\lwjgl\lwjgl-bgfx.jar;E:\Java Workspaces\GameCalendar\Game Calendar\libs\lwjgl\lwjgl-egl.jar;E:\Java Workspaces\GameCalendar\Game Calendar\libs\lwjgl\lwjgl-glfw.jar;E:\Java Workspaces\GameCalendar\Game Calendar\libs\lwjgl\lwjgl-jawt.jar;E:\Java Workspaces\GameCalendar\Game Calendar\libs\lwjgl\lwjgl-libdivide.jar;E:\Java Workspaces\GameCalendar\Game Calendar\libs\lwjgl\lwjgl-nanovg.jar;E:\Java Workspaces\GameCalendar\Game Calendar\libs\lwjgl\lwjgl-nfd.jar;E:\Java Workspaces\GameCalendar\Game Calendar\libs\lwjgl\lwjgl-nuklear.jar;E:\Java Workspaces\GameCalendar\Game Calendar\libs\lwjgl\lwjgl-openal.jar;E:\Java Workspaces\GameCalendar\Game Calendar\libs\lwjgl\lwjgl-opencl.jar;E:\Java Workspaces\GameCalendar\Game Calendar\libs\lwjgl\lwjgl-opengl.jar;E:\Java Workspaces\GameCalendar\Game Calendar\libs\lwjgl\lwjgl-par.jar;E:\Java Workspaces\GameCalendar\Game Calendar\libs\lwjgl\lwjgl-shaderc.jar;E:\Java Workspaces\GameCalendar\Game Calendar\libs\lwjgl\lwjgl-sse.jar;E:\Java Workspaces\GameCalendar\Game Calendar\libs\lwjgl\lwjgl-stb.jar;E:\Java Workspaces\GameCalendar\Game Calendar\libs\lwjgl\lwjgl-tinyfd.jar;E:\Java Workspaces\GameCalendar\Game Calendar\libs\lwjgl\lwjgl-vma.jar;E:\Java Workspaces\GameCalendar\Game Calendar\
Launcher Type: SUN_STANDARD

Environment Variables:
JAVA_HOME=C:\Program Files\Java\jdk1.8.0_161
PATH=C:\Program Files\Java\jdk1.8.0_161\jre\bin;C:/Program Files/Java/jre1.8.0_251/bin/server;C:/Program Files/Java/jre1.8.0_251/bin;C:/Program Files/Java/jre1.8.0_251/lib/amd64;C:\Program Files (x86)\Common Files\Oracle\Java\javapath;C:\ProgramData\Oracle\Java\javapath;C:\Program Files\Common Files\Microsoft Shared\Windows Live;C:\Program Files (x86)\Common Files\Microsoft Shared\Windows Live;C:\Program Files (x86)\Intel\iCLS Client\;C:\Program Files\Intel\iCLS Client\;C:\Windows\system32;C:\Windows;C:\Windows\System32\Wbem;C:\Windows\System32\WindowsPowerShell\v1.0\;C:\Program Files\Intel\Intel(R) Management Engine Components\DAL;C:\Program Files\Intel\Intel(R) Management Engine Components\IPT;C:\Program Files (x86)\Intel\Intel(R) Management Engine Components\DAL;C:\Program Files (x86)\Intel\Intel(R) Management Engine Components\IPT;C:\Program Files (x86)\ATI Technologies\ATI.ACE\Core-Static;C:\Program Files (x86)\Windows Live\Shared;C:\Program Files\MATLAB\R2012b\runtime\win64;C:\Program Files\MATLAB\R2012b\bin;C:\Program Files\Java\jdk1.7.0_55\bin;E:\Gradle\bin;C:\Program Files (x86)\AMD\ATI.ACE\Core-Static;C:\Program Files (x86)\GtkSharp\2.12\bin;C:\Program Files (x86)\NVIDIA Corporation\PhysX\Common;C:\Program Files\NVIDIA Corporation\NVIDIA NvDLISR;C:\Users\Reika\AppData\Local\Programs\Python\Launcher\;C:\AppServ\php5;C:\AppServ\MySQL\bin;C:\Ant\apache-ant-1.9.1\bin;C:\Users\Reika\AppData\Local\Gource\cmd;E:\eclipse-SDK-4.10-win32-x86_64\eclipse;
USERNAME=Reika
OS=Windows_NT
PROCESSOR_IDENTIFIER=Intel64 Family 6 Model 58 Stepping 9, GenuineIntel



---------------  S Y S T E M  ---------------

OS: Windows 7 , 64 bit Build 7601 (6.1.7601.24441)

CPU:total 8 (initial active 8) (4 cores per cpu, 2 threads per core) family 6 model 58 stepping 9, cmov, cx8, fxsr, mmx, sse, sse2, sse3, ssse3, sse4.1, sse4.2, popcnt, avx, aes, clmul, erms, ht, tsc, tscinvbit, tscinv

Memory: 4k page, physical 16727860k(6946832k free), swap 21912520k(6972384k free)

vm_info: Java HotSpot(TM) 64-Bit Server VM (25.161-b12) for windows-amd64 JRE (1.8.0_161-b12), built on Dec 19 2017 17:52:25 by "java_re" with MS VC++ 10.0 (VS2010)

time: Thu Sep 17 15:48:29 2020
elapsed time: 11 seconds (0d 0h 0m 11s)

