#
# A fatal error has been detected by the Java Runtime Environment:
#
#  EXCEPTION_ACCESS_VIOLATION (0xc0000005) at pc=0x000007fef4b21ae7, pid=20704, tid=0x0000000000005938
#
# JRE version: Java(TM) SE Runtime Environment (8.0_161-b12) (build 1.8.0_161-b12)
# Java VM: Java HotSpot(TM) 64-Bit Server VM (25.161-b12 mixed mode windows-amd64 compressed oops)
# Problematic frame:
# C  [glfw.dll+0x1ae7]
#
# Failed to write core dump. Minidumps are not enabled by default on client versions of Windows
#
# If you would like to submit a bug report, please visit:
#   http://bugreport.java.com/bugreport/crash.jsp
# The crash happened outside the Java Virtual Machine in native code.
# See problematic frame for where to report the bug.
#

---------------  T H R E A D  ---------------

Current thread (0x00000000020cb800):  JavaThread "main" [_thread_in_native, id=22840, stack(0x0000000002470000,0x0000000002570000)]

siginfo: ExceptionCode=0xc0000005, reading address 0x00000000000001f7

Registers:
RAX=0x0000000000000000, RBX=0xffffffffffffffff, RCX=0x0000000000000025, RDX=0x0000000000000000
RSP=0x000000000256f050, RBP=0x000000000256f108, RSI=0x0000000023209010, RDI=0x00000000028483fd
R8 =0xffffffffffffffff, R9 =0x000007fef4b21ab0, R10=0x0000000002861dc4, R11=0x00000000702bbcb0
R12=0x0000000000000000, R13=0x00000000233a87f8, R14=0x000000000256f140, R15=0x00000000020cb800
RIP=0x000007fef4b21ae7, EFLAGS=0x0000000000010286

Top of Stack: (sp=0x000000000256f050)
0x000000000256f050:   0000000023371e00 00000000020cb800
0x000000000256f060:   00000000233a87f8 0000000023209010
0x000000000256f070:   00000000233a87f8 0000000002861df0
0x000000000256f080:   0000000023209010 00000000028483fd
0x000000000256f090:   00000000028483fd 000000000286180b
0x000000000256f0a0:   00000000020cb800 00000000233a87f8
0x000000000256f0b0:   0000000023209010 00000000020cb800
0x000000000256f0c0:   00000000028617c2 000000000256f0c8
0x000000000256f0d0:   00000000233a87f8 000000000256f140
0x000000000256f0e0:   00000000233d34a0 0000000000000000
0x000000000256f0f0:   00000000233a87f8 0000000000000000
0x000000000256f100:   000000000256f128 000000000256f188
0x000000000256f110:   00000000028483fd 000000076cac07d0
0x000000000256f120:   0000000002857a58 000007fef4b21ab0
0x000000000256f130:   0000000000000005 ffffffffffffffff
0x000000000256f140:   0000000002871b3f 000000000256f148 

Instructions: (pc=0x000007fef4b21ae7)
0x000007fef4b21ac7:   24 60 05 00 00 48 8b d0 75 11 33 d2 b9 01 00 01
0x000007fef4b21ad7:   00 48 83 c4 20 5b e9 7e 01 00 00 48 85 db 74 1f
0x000007fef4b21ae7:   83 bb f8 01 00 00 00 75 16 48 8d 15 09 7f 02 00
0x000007fef4b21af7:   b9 0a 00 01 00 48 83 c4 20 5b e9 5a 01 00 00 48 


Register to memory mapping:

RAX=0x0000000000000000 is an unknown value
RBX=0xffffffffffffffff is an unknown value
RCX=0x0000000000000025 is an unknown value
RDX=0x0000000000000000 is an unknown value
RSP=0x000000000256f050 is pointing into the stack for thread: 0x00000000020cb800
RBP=0x000000000256f108 is pointing into the stack for thread: 0x00000000020cb800
RSI=0x0000000023209010 is pointing into metadata
RDI=0x00000000028483fd is at code_begin+2301 in an Interpreter codelet
invoke return entry points  [0x0000000002847b00, 0x00000000028484e0]  2528 bytes
R8 =0xffffffffffffffff is an unknown value
R9 =0x000007fef4b21ab0 is an unknown value
R10=0x0000000002861dc4 is at code_begin+1700 in an Interpreter codelet
method entry point (kind = native)  [0x0000000002861720, 0x00000000028627e0]  4288 bytes
R11=0x00000000702bbcb0 is an unknown value
R12=0x0000000000000000 is an unknown value
R13={method} {0x00000000233a8800} 'invokePV' '(JJ)V' in 'org/lwjgl/system/JNI'
R14=0x000000000256f140 is pointing into the stack for thread: 0x00000000020cb800
R15=0x00000000020cb800 is a thread


Stack: [0x0000000002470000,0x0000000002570000],  sp=0x000000000256f050,  free space=1020k
Native frames: (J=compiled Java code, j=interpreted, Vv=VM code, C=native code)
C  [glfw.dll+0x1ae7]
C  0x0000000002861df0

Java frames: (J=compiled Java code, j=interpreted, Vv=VM code)
j  org.lwjgl.system.JNI.invokePV(JJ)V+0
j  org.lwjgl.glfw.GLFW.glfwMakeContextCurrent(J)V+6
j  Reika.GameCalendar.Rendering.Window.setupGL()V+55
j  Reika.GameCalendar.Rendering.Window.create()V+1
j  Reika.GameCalendar.Main.main([Ljava/lang/String;)V+127
v  ~StubRoutines::call_stub

---------------  P R O C E S S  ---------------

Java Threads: ( => current thread )
  0x0000000020284800 JavaThread "AWT-Windows" daemon [_thread_in_native, id=17632, stack(0x0000000020d60000,0x0000000020e60000)]
  0x0000000020284000 JavaThread "AWT-Shutdown" [_thread_blocked, id=2092, stack(0x0000000020b20000,0x0000000020c20000)]
  0x0000000020281000 JavaThread "Java2D Disposer" daemon [_thread_blocked, id=4780, stack(0x0000000020950000,0x0000000020a50000)]
  0x000000001da08000 JavaThread "Service Thread" daemon [_thread_blocked, id=23768, stack(0x000000001fe00000,0x000000001ff00000)]
  0x000000001d9be800 JavaThread "C1 CompilerThread3" daemon [_thread_blocked, id=7540, stack(0x000000001fce0000,0x000000001fde0000)]
  0x000000001d9bd800 JavaThread "C2 CompilerThread2" daemon [_thread_blocked, id=11792, stack(0x000000001fbd0000,0x000000001fcd0000)]
  0x000000001d9bb000 JavaThread "C2 CompilerThread1" daemon [_thread_blocked, id=19908, stack(0x000000001f290000,0x000000001f390000)]
  0x000000001d9b6000 JavaThread "C2 CompilerThread0" daemon [_thread_in_native, id=21452, stack(0x000000001f970000,0x000000001fa70000)]
  0x000000001d791800 JavaThread "JDWP Command Reader" daemon [_thread_in_native, id=15332, stack(0x000000001f860000,0x000000001f960000)]
  0x000000001d790800 JavaThread "JDWP Event Helper Thread" daemon [_thread_blocked, id=17588, stack(0x000000001f6c0000,0x000000001f7c0000)]
  0x000000001d784800 JavaThread "JDWP Transport Listener: dt_socket" daemon [_thread_blocked, id=18460, stack(0x000000001f570000,0x000000001f670000)]
  0x000000001d77c000 JavaThread "Attach Listener" daemon [_thread_blocked, id=14008, stack(0x000000001ec60000,0x000000001ed60000)]
  0x000000001d77a800 JavaThread "Signal Dispatcher" daemon [_thread_blocked, id=12516, stack(0x000000001ea80000,0x000000001eb80000)]
  0x000000001c6c4800 JavaThread "Finalizer" daemon [_thread_blocked, id=18512, stack(0x000000001e970000,0x000000001ea70000)]
  0x000000001c6bd800 JavaThread "Reference Handler" daemon [_thread_blocked, id=12624, stack(0x000000001e680000,0x000000001e780000)]
=>0x00000000020cb800 JavaThread "main" [_thread_in_native, id=22840, stack(0x0000000002470000,0x0000000002570000)]

Other Threads:
  0x000000001d722800 VMThread [stack: 0x000000001e780000,0x000000001e880000] [id=4292]
  0x000000001d99f000 WatcherThread [stack: 0x00000000207d0000,0x00000000208d0000] [id=23992]

VM state:not at safepoint (normal execution)

VM Mutex/Monitor currently owned by a thread: None

Heap:
 PSYoungGen      total 76288K, used 29014K [0x000000076af00000, 0x0000000770400000, 0x00000007c0000000)
  eden space 65536K, 44% used [0x000000076af00000,0x000000076cb55900,0x000000076ef00000)
  from space 10752K, 0% used [0x000000076f980000,0x000000076f980000,0x0000000770400000)
  to   space 10752K, 0% used [0x000000076ef00000,0x000000076ef00000,0x000000076f980000)
 ParOldGen       total 175104K, used 0K [0x00000006c0c00000, 0x00000006cb700000, 0x000000076af00000)
  object space 175104K, 0% used [0x00000006c0c00000,0x00000006c0c00000,0x00000006cb700000)
 Metaspace       used 11242K, capacity 11512K, committed 11648K, reserved 1058816K
  class space    used 1208K, capacity 1311K, committed 1408K, reserved 1048576K

Card table byte_map: [0x0000000011c00000,0x0000000012400000] byte_map_base: 0x000000000e5fa000

Marking Bits: (ParMarkBitMap*) 0x00000000708af860
 Begin Bits: [0x0000000013530000, 0x0000000017500000)
 End Bits:   [0x0000000017500000, 0x000000001b4d0000)

Polling page: 0x0000000000420000

CodeCache: size=245760Kb used=3675Kb max_used=3700Kb free=242084Kb
 bounds [0x0000000002840000, 0x0000000002be0000, 0x0000000011840000]
 total_blobs=1639 nmethods=764 adapters=796
 compilation: enabled

Compilation events (10 events):
Event: 0.694 Thread 0x000000001d9be800  761       3       org.eclipse.jdt.launching.internal.org.objectweb.asm.Type::getArgumentTypes (140 bytes)
Event: 0.695 Thread 0x000000001d9be800 nmethod 761 0x0000000002b91f90 code [0x0000000002b92260, 0x0000000002b936a8]
Event: 0.695 Thread 0x000000001d9be800  763       3       org.eclipse.jdt.launching.internal.org.objectweb.asm.ClassReader::readParameterAnnotations (106 bytes)
Event: 0.695 Thread 0x000000001d9bd800 nmethod 741 0x0000000002b9d110 code [0x0000000002b9d2a0, 0x0000000002b9db48]
Event: 0.695 Thread 0x000000001d9bd800  765       4       org.eclipse.jdt.launching.internal.org.objectweb.asm.ByteVector::putByteArray (49 bytes)
Event: 0.696 Thread 0x000000001d9be800 nmethod 763 0x0000000002b98ad0 code [0x0000000002b98cc0, 0x0000000002b99578]
Event: 0.696 Thread 0x000000001d9be800  762       3       org.eclipse.jdt.launching.internal.org.objectweb.asm.MethodWriter::visitAnnotableParameterCount (18 bytes)
Event: 0.696 Thread 0x000000001d9be800 nmethod 762 0x0000000002b9f790 code [0x0000000002b9f8e0, 0x0000000002b9fa90]
Event: 0.697 Thread 0x000000001d9bd800 nmethod 765 0x0000000002badfd0 code [0x0000000002bae120, 0x0000000002bae2f8]
Event: 0.736 Thread 0x000000001d9bb000 nmethod 705 0x0000000002bd7810 code [0x0000000002bd7aa0, 0x0000000002bdb150]

GC Heap History (0 events):
No events

Deoptimization events (0 events):
No events

Classes redefined (0 events):
No events

Internal exceptions (10 events):
Event: 0.682 Thread 0x00000000020cb800 Exception <a 'sun/nio/fs/WindowsException'> (0x000000076c99f2d8) thrown at [C:\re\workspace\8-2-build-windows-amd64-cygwin\jdk8u161\10277\hotspot\src\share\vm\prims\jni.cpp, line 709]
Event: 0.682 Thread 0x00000000020cb800 Exception <a 'sun/nio/fs/WindowsException'> (0x000000076c99f9e8) thrown at [C:\re\workspace\8-2-build-windows-amd64-cygwin\jdk8u161\10277\hotspot\src\share\vm\prims\jni.cpp, line 709]
Event: 0.682 Thread 0x00000000020cb800 Exception <a 'sun/nio/fs/WindowsException'> (0x000000076c9a0670) thrown at [C:\re\workspace\8-2-build-windows-amd64-cygwin\jdk8u161\10277\hotspot\src\share\vm\prims\jni.cpp, line 709]
Event: 0.682 Thread 0x00000000020cb800 Exception <a 'sun/nio/fs/WindowsException'> (0x000000076c9a0d80) thrown at [C:\re\workspace\8-2-build-windows-amd64-cygwin\jdk8u161\10277\hotspot\src\share\vm\prims\jni.cpp, line 709]
Event: 0.682 Thread 0x00000000020cb800 Exception <a 'sun/nio/fs/WindowsException'> (0x000000076c9a1a08) thrown at [C:\re\workspace\8-2-build-windows-amd64-cygwin\jdk8u161\10277\hotspot\src\share\vm\prims\jni.cpp, line 709]
Event: 0.682 Thread 0x00000000020cb800 Exception <a 'sun/nio/fs/WindowsException'> (0x000000076c9a2118) thrown at [C:\re\workspace\8-2-build-windows-amd64-cygwin\jdk8u161\10277\hotspot\src\share\vm\prims\jni.cpp, line 709]
Event: 0.682 Thread 0x00000000020cb800 Exception <a 'sun/nio/fs/WindowsException'> (0x000000076c9a2da0) thrown at [C:\re\workspace\8-2-build-windows-amd64-cygwin\jdk8u161\10277\hotspot\src\share\vm\prims\jni.cpp, line 709]
Event: 0.682 Thread 0x00000000020cb800 Exception <a 'sun/nio/fs/WindowsException'> (0x000000076c9a34b0) thrown at [C:\re\workspace\8-2-build-windows-amd64-cygwin\jdk8u161\10277\hotspot\src\share\vm\prims\jni.cpp, line 709]
Event: 0.683 Thread 0x00000000020cb800 Exception <a 'sun/nio/fs/WindowsException'> (0x000000076c9a53d8) thrown at [C:\re\workspace\8-2-build-windows-amd64-cygwin\jdk8u161\10277\hotspot\src\share\vm\prims\jni.cpp, line 709]
Event: 0.683 Thread 0x00000000020cb800 Exception <a 'sun/nio/fs/WindowsException'> (0x000000076c9a5c50) thrown at [C:\re\workspace\8-2-build-windows-amd64-cygwin\jdk8u161\10277\hotspot\src\share\vm\prims\jni.cpp, line 709]

Events (10 events):
Event: 0.684 Thread 0x00000000020cb800 DEOPT PACKING pc=0x0000000002a182e4 sp=0x000000000256dd90
Event: 0.684 Thread 0x00000000020cb800 DEOPT UNPACKING pc=0x0000000002887890 sp=0x000000000256dbb0 mode 1
Event: 0.684 Thread 0x00000000020cb800 DEOPT PACKING pc=0x0000000002a1807c sp=0x000000000256df20
Event: 0.684 Thread 0x00000000020cb800 DEOPT UNPACKING pc=0x0000000002887890 sp=0x000000000256dd58 mode 1
Event: 0.687 loading class org/lwjgl/system/JNI
Event: 0.687 loading class org/lwjgl/system/JNI done
Event: 0.687 Thread 0x00000000020cb800 DEOPT PACKING pc=0x0000000002a182e4 sp=0x000000000256dc10
Event: 0.687 Thread 0x00000000020cb800 DEOPT UNPACKING pc=0x0000000002887890 sp=0x000000000256da30 mode 1
Event: 0.687 Thread 0x00000000020cb800 DEOPT PACKING pc=0x0000000002a1807c sp=0x000000000256dda0
Event: 0.687 Thread 0x00000000020cb800 DEOPT UNPACKING pc=0x0000000002887890 sp=0x000000000256dbd8 mode 1


Dynamic libraries:
0x000000013f5e0000 - 0x000000013f617000 	C:\Program Files\Java\jdk1.8.0_161\jre\bin\javaw.exe
0x0000000077260000 - 0x00000000773ff000 	C:\Windows\SYSTEM32\ntdll.dll
0x0000000077040000 - 0x000000007715f000 	C:\Windows\system32\kernel32.dll
0x000007fefcdf0000 - 0x000007fefce5a000 	C:\Windows\system32\KERNELBASE.dll
0x000007fefe550000 - 0x000007fefe62b000 	C:\Windows\system32\ADVAPI32.dll
0x000007fefdee0000 - 0x000007fefdf7f000 	C:\Windows\system32\msvcrt.dll
0x000007fefe490000 - 0x000007fefe4af000 	C:\Windows\SYSTEM32\sechost.dll
0x000007fefd690000 - 0x000007fefd7bc000 	C:\Windows\system32\RPCRT4.dll
0x0000000077160000 - 0x000000007725a000 	C:\Windows\system32\USER32.dll
0x000007fefd100000 - 0x000007fefd167000 	C:\Windows\system32\GDI32.dll
0x000007fefe480000 - 0x000007fefe48e000 	C:\Windows\system32\LPK.dll
0x000007fefd7c0000 - 0x000007fefd88b000 	C:\Windows\system32\USP10.dll
0x000007fefb040000 - 0x000007fefb235000 	C:\Windows\WinSxS\amd64_microsoft.windows.common-controls_6595b64144ccf1df_6.0.7601.24440_none_e36f1bbf30ff0606\COMCTL32.dll
0x000007feff3f0000 - 0x000007feff461000 	C:\Windows\system32\SHLWAPI.dll
0x000007fefe630000 - 0x000007fefe65e000 	C:\Windows\system32\IMM32.DLL
0x000007fefdbd0000 - 0x000007fefdcd9000 	C:\Windows\system32\MSCTF.dll
0x0000000060fe0000 - 0x00000000610b2000 	C:\Program Files\Java\jdk1.8.0_161\jre\bin\msvcr100.dll
0x0000000070090000 - 0x000000007092f000 	C:\Program Files\Java\jdk1.8.0_161\jre\bin\server\jvm.dll
0x000007fef2e10000 - 0x000007fef2e19000 	C:\Windows\system32\WSOCK32.dll
0x000007fefdb60000 - 0x000007fefdbad000 	C:\Windows\system32\WS2_32.dll
0x000007fefe410000 - 0x000007fefe418000 	C:\Windows\system32\NSI.dll
0x000007fef9cd0000 - 0x000007fef9d0b000 	C:\Windows\system32\WINMM.dll
0x000007fefc670000 - 0x000007fefc67c000 	C:\Windows\system32\VERSION.dll
0x0000000077410000 - 0x0000000077417000 	C:\Windows\system32\PSAPI.DLL
0x0000000074a90000 - 0x0000000074a9f000 	C:\Program Files\Java\jdk1.8.0_161\jre\bin\verify.dll
0x0000000072e80000 - 0x0000000072ea9000 	C:\Program Files\Java\jdk1.8.0_161\jre\bin\java.dll
0x0000000072e40000 - 0x0000000072e75000 	C:\Program Files\Java\jdk1.8.0_161\jre\bin\jdwp.dll
0x0000000074aa0000 - 0x0000000074aa8000 	C:\Program Files\Java\jdk1.8.0_161\jre\bin\npt.dll
0x0000000072e10000 - 0x0000000072e33000 	C:\Program Files\Java\jdk1.8.0_161\jre\bin\instrument.dll
0x0000000074a70000 - 0x0000000074a86000 	C:\Program Files\Java\jdk1.8.0_161\jre\bin\zip.dll
0x000007fefe660000 - 0x000007feff3eb000 	C:\Windows\system32\SHELL32.dll
0x000007fefdce0000 - 0x000007fefdedf000 	C:\Windows\system32\ole32.dll
0x000007fefcd40000 - 0x000007fefcd4f000 	C:\Windows\system32\profapi.dll
0x0000000073100000 - 0x0000000073109000 	C:\Program Files\Java\jdk1.8.0_161\jre\bin\dt_socket.dll
0x000007fef9d10000 - 0x000007fef9d25000 	C:\Windows\system32\NLAapi.dll
0x000007fef31e0000 - 0x000007fef31f5000 	C:\Windows\system32\napinsp.dll
0x000007fef31c0000 - 0x000007fef31d9000 	C:\Windows\system32\pnrpnsp.dll
0x000007fefc180000 - 0x000007fefc1d5000 	C:\Windows\System32\mswsock.dll
0x000007fefc000000 - 0x000007fefc05b000 	C:\Windows\system32\DNSAPI.dll
0x000007fef31b0000 - 0x000007fef31bb000 	C:\Windows\System32\winrnr.dll
0x000007fef6e60000 - 0x000007fef6e8f000 	C:\Program Files\Common Files\Microsoft Shared\Windows Live\WLIDNSP.DLL
0x000007fef9450000 - 0x000007fef9477000 	C:\Windows\system32\IPHLPAPI.DLL
0x000007fef9440000 - 0x000007fef944b000 	C:\Windows\system32\WINNSI.DLL
0x000007fef8e30000 - 0x000007fef8e83000 	C:\Windows\System32\fwpuclnt.dll
0x000007fef6e40000 - 0x000007fef6e48000 	C:\Windows\system32\rasadhlp.dll
0x000007fefc550000 - 0x000007fefc557000 	C:\Windows\System32\wshtcpip.dll
0x000000006c8e0000 - 0x000000006ca78000 	C:\Program Files\Java\jdk1.8.0_161\jre\bin\awt.dll
0x000007feff470000 - 0x000007feff54b000 	C:\Windows\system32\OLEAUT32.dll
0x000007fefaa00000 - 0x000007fefaa18000 	C:\Windows\system32\DWMAPI.DLL
0x000007fee7f70000 - 0x000007fee808d000 	C:\Windows\system32\opengl32.dll
0x000007fee87b0000 - 0x000007fee87dd000 	C:\Windows\system32\GLU32.dll
0x000007fee7e70000 - 0x000007fee7f61000 	C:\Windows\system32\DDRAW.dll
0x000007fee7e60000 - 0x000007fee7e68000 	C:\Windows\system32\DCIMAN32.dll
0x000007fefdf80000 - 0x000007fefe157000 	C:\Windows\system32\SETUPAPI.dll
0x000007fefd0c0000 - 0x000007fefd0f6000 	C:\Windows\system32\CFGMGR32.dll
0x000007fefd0a0000 - 0x000007fefd0ba000 	C:\Windows\system32\DEVOBJ.dll
0x000007fefae20000 - 0x000007fefae76000 	C:\Windows\system32\uxtheme.dll
0x000007fefcbe0000 - 0x000007fefcbef000 	C:\Windows\system32\CRYPTBASE.dll
0x000007fef8f00000 - 0x000007fef90ff000 	C:\Windows\system32\d3d9.dll
0x000007fef9380000 - 0x000007fef9387000 	C:\Windows\system32\d3d8thk.dll
0x000007febc230000 - 0x000007febd997000 	C:\Windows\system32\nvd3dumx.dll
0x000007fefc6b0000 - 0x000007fefc6b3000 	C:\Windows\system32\api-ms-win-core-synch-l1-2-0.DLL
0x000007fefa5d0000 - 0x000007fefa5fc000 	C:\Windows\system32\powrprof.dll
0x000007fef33d0000 - 0x000007fef367e000 	C:\Windows\system32\nvspcap64.dll
0x000007fefc680000 - 0x000007fefc6ad000 	C:\Windows\system32\ntmarta.dll
0x000007fefe420000 - 0x000007fefe472000 	C:\Windows\system32\WLDAP32.dll
0x000007fefce90000 - 0x000007fefcffd000 	C:\Windows\system32\crypt32.dll
0x000007fefcd50000 - 0x000007fefcd5f000 	C:\Windows\system32\MSASN1.dll
0x000007fefc640000 - 0x000007fefc667000 	C:\Windows\system32\cryptnet.dll
0x000007fefcdb0000 - 0x000007fefcdeb000 	C:\Windows\system32\WINTRUST.DLL
0x000007fefdbb0000 - 0x000007fefdbc9000 	C:\Windows\system32\imagehlp.dll
0x000007fefc1e0000 - 0x000007fefc1f8000 	C:\Windows\system32\CRYPTSP.dll
0x000007fefbee0000 - 0x000007fefbf27000 	C:\Windows\system32\rsaenh.dll
0x000007fefc3b0000 - 0x000007fefc400000 	C:\Windows\system32\ncrypt.dll
0x000007fefc380000 - 0x000007fefc3a2000 	C:\Windows\system32\bcrypt.dll
0x000007fefc2f0000 - 0x000007fefc33c000 	C:\Windows\system32\bcryptprimitives.dll
0x000007fefcd60000 - 0x000007fefcd7e000 	C:\Windows\system32\USERENV.dll
0x000007fefc6f0000 - 0x000007fefc70b000 	C:\Windows\system32\GPAPI.dll
0x0000000073080000 - 0x000000007309a000 	C:\Program Files\Java\jdk1.8.0_161\jre\bin\net.dll
0x000007fefc170000 - 0x000007fefc177000 	C:\Windows\System32\wship6.dll
0x000000006ef40000 - 0x000000006ef51000 	C:\Program Files\Java\jdk1.8.0_161\jre\bin\nio.dll
0x000007fef4c00000 - 0x000007fef4c64000 	E:\Java Workspaces\GameCalendar\Game Calendar\libs\lwjgl\natives\lwjgl.dll
0x0000000072dd0000 - 0x0000000072dd7000 	C:\Program Files\Java\jdk1.8.0_161\jre\bin\jawt.dll
0x000007fef4b20000 - 0x000007fef4b82000 	E:\Java Workspaces\GameCalendar\Game Calendar\libs\lwjgl\natives\glfw.dll
0x000007fec3050000 - 0x000007fec308c000 	C:\Windows\system32\dinput8.dll
0x0000000012b00000 - 0x0000000012b1e000 	C:\Windows\system32\xinput1_3.dll
0x000007fefc450000 - 0x000007fefc45b000 	C:\Windows\system32\HID.DLL
0x000007fef74f0000 - 0x000007fef7615000 	C:\Windows\system32\dbghelp.dll

VM Arguments:
jvm_args: -agentlib:jdwp=transport=dt_socket,suspend=y,address=localhost:57697 -Ddriftfx.winfallback=true -Djava.library.path=C:\Users\Reika\.gradle\caches\modules-2\files-2.1\org.lwjgl.lwjgl\lwjgl-platform\2.9.1\4c517eca808522457dd95ee8fc1fbcdbb602efbe;E:\Java Workspaces\GameCalendar\Game Calendar\libs\lwjgl\natives;E:\Java Workspaces\GameCalendar\Game Calendar\libs\lwjgl\natives;E:\Java Workspaces\GameCalendar\Game Calendar\libs\lwjgl\natives;E:\Java Workspaces\GameCalendar\Game Calendar\libs\lwjgl\natives;E:\Java Workspaces\GameCalendar\Game Calendar\libs\lwjgl\natives;E:\Java Workspaces\GameCalendar\Game Calendar\libs\lwjgl\natives;E:\Java Workspaces\GameCalendar\Game Calendar\libs\lwjgl\natives;E:\Java Workspaces\GameCalendar\Game Calendar\libs\lwjgl\natives;E:\Java Workspaces\GameCalendar\Game Calendar\libs\lwjgl\natives;E:\Java Workspaces\GameCalendar\Game Calendar\libs\lwjgl\natives;E:\Java Workspaces\GameCalendar\Game Calendar\libs\lwjgl\natives;E:\Java Workspaces\GameCalendar\Game Calendar\libs\lwjgl\natives;E:\Java Workspaces\GameCalendar\Game Calendar\libs\lwjgl\natives;E:\Java Workspaces\GameCalendar\Game Calendar\libs\lwjgl\natives;E:\Java Workspaces\GameCalendar\Game Calendar\libs\lwjgl\natives;E:\Java Workspaces\GameCalendar\Game Calendar\libs\lwjgl\natives;E:\Java Workspaces\GameCalendar\Game Calendar\libs\lwjgl\natives;E:\Java Workspaces\GameCalendar\Game Calendar\libs\lwjgl\natives;E:\Java Workspaces\GameCalendar\Game Calendar\libs\lwjgl\natives -javaagent:E:\eclipse-SDK-4.10-win32-x86_64\eclipse\configuration\org.eclipse.osgi\174\0\.cp\lib\javaagent-shaded.jar -Dfile.encoding=Cp1252 
java_command: Reika.GameCalendar.Main
java_class_path (initial): E:\Java Workspaces\GameCalendar\Game Calendar\bin;C:\Users\Reika\.gradle\caches\modules-2\files-2.1\com.google.guava\guava\17.0\9c6ef172e8de35fd8d4d8783e4821e57cdef7445\guava-17.0.jar;C:\Users\Reika\.gradle\caches\modules-2\files-2.1\org.apache.commons\commons-lang3\3.3.2\90a3822c38ec8c996e84c16a3477ef632cbc87a3\commons-lang3-3.3.2.jar;C:\Users\Reika\.gradle\caches\modules-2\files-2.1\commons-io\commons-io\2.4\b1b6ea3b7e4aa4f492509a4952029cd8e48019ad\commons-io-2.4.jar;C:\Users\Reika\.gradle\caches\modules-2\files-2.1\commons-codec\commons-codec\1.9\9ce04e34240f674bc72680f8b843b1457383161a\commons-codec-1.9.jar;E:\Java Workspaces\GameCalendar\Game Calendar\libs\org.eclipse.fx.drift-1.0.0.rc0.jar;E:\Java Workspaces\GameCalendar\Game Calendar\libs\lwjgl\lwjgl.jar;E:\Java Workspaces\GameCalendar\Game Calendar\libs\lwjgl\lwjgl-bgfx.jar;E:\Java Workspaces\GameCalendar\Game Calendar\libs\lwjgl\lwjgl-egl.jar;E:\Java Workspaces\GameCalendar\Game Calendar\libs\lwjgl\lwjgl-glfw.jar;E:\Java Workspaces\GameCalendar\Game Calendar\libs\lwjgl\lwjgl-jawt.jar;E:\Java Workspaces\GameCalendar\Game Calendar\libs\lwjgl\lwjgl-libdivide.jar;E:\Java Workspaces\GameCalendar\Game Calendar\libs\lwjgl\lwjgl-nanovg.jar;E:\Java Workspaces\GameCalendar\Game Calendar\libs\lwjgl\lwjgl-nfd.jar;E:\Java Workspaces\GameCalendar\Game Calendar\libs\lwjgl\lwjgl-nuklear.jar;E:\Java Workspaces\GameCalendar\Game Calendar\libs\lwjgl\lwjgl-openal.jar;E:\Java Workspaces\GameCalendar\Game Calendar\libs\lwjgl\lwjgl-opencl.jar;E:\Java Workspaces\GameCalendar\Game Calendar\libs\lwjgl\lwjgl-opengl.jar;E:\Java Workspaces\GameCalendar\Game Calendar\libs\lwjgl\lwjgl-par.jar;E:\Java Workspaces\GameCalendar\Game Calendar\libs\lwjgl\lwjgl-shaderc.jar;E:\Java Workspaces\GameCalendar\Game Calendar\libs\lwjgl\lwjgl-sse.jar;E:\Java Workspaces\GameCalendar\Game Calendar\libs\lwjgl\lwjgl-stb.jar;E:\Java Workspaces\GameCalendar\Game Calendar\libs\lwjgl\lwjgl-tinyfd.jar;E:\Java Workspaces\GameCalendar
Launcher Type: SUN_STANDARD

Environment Variables:
JAVA_HOME=C:\Program Files\Java\jdk1.8.0_161
PATH=C:\Program Files\Java\jdk1.8.0_161\jre\bin;C:/Program Files/Java/jre1.8.0_251/bin/server;C:/Program Files/Java/jre1.8.0_251/bin;C:/Program Files/Java/jre1.8.0_251/lib/amd64;C:\Program Files (x86)\Common Files\Oracle\Java\javapath;C:\ProgramData\Oracle\Java\javapath;C:\Program Files\Common Files\Microsoft Shared\Windows Live;C:\Program Files (x86)\Common Files\Microsoft Shared\Windows Live;C:\Program Files (x86)\Intel\iCLS Client\;C:\Program Files\Intel\iCLS Client\;C:\Windows\system32;C:\Windows;C:\Windows\System32\Wbem;C:\Windows\System32\WindowsPowerShell\v1.0\;C:\Program Files\Intel\Intel(R) Management Engine Components\DAL;C:\Program Files\Intel\Intel(R) Management Engine Components\IPT;C:\Program Files (x86)\Intel\Intel(R) Management Engine Components\DAL;C:\Program Files (x86)\Intel\Intel(R) Management Engine Components\IPT;C:\Program Files (x86)\ATI Technologies\ATI.ACE\Core-Static;C:\Program Files (x86)\Windows Live\Shared;C:\Program Files\MATLAB\R2012b\runtime\win64;C:\Program Files\MATLAB\R2012b\bin;C:\Program Files\Java\jdk1.7.0_55\bin;E:\Gradle\bin;C:\Program Files (x86)\AMD\ATI.ACE\Core-Static;C:\Program Files (x86)\GtkSharp\2.12\bin;C:\Program Files (x86)\NVIDIA Corporation\PhysX\Common;C:\Program Files\NVIDIA Corporation\NVIDIA NvDLISR;C:\AppServ\php5;C:\AppServ\MySQL\bin;C:\Ant\apache-ant-1.9.1\bin;C:\Users\Reika\AppData\Local\Gource\cmd;E:\eclipse-SDK-4.10-win32-x86_64\eclipse;
USERNAME=Reika
OS=Windows_NT
PROCESSOR_IDENTIFIER=Intel64 Family 6 Model 58 Stepping 9, GenuineIntel



---------------  S Y S T E M  ---------------

OS: Windows 7 , 64 bit Build 7601 (6.1.7601.24441)

CPU:total 8 (initial active 8) (4 cores per cpu, 2 threads per core) family 6 model 58 stepping 9, cmov, cx8, fxsr, mmx, sse, sse2, sse3, ssse3, sse4.1, sse4.2, popcnt, avx, aes, clmul, erms, ht, tsc, tscinvbit, tscinv

Memory: 4k page, physical 16727860k(4936176k free), swap 21968840k(4024284k free)

vm_info: Java HotSpot(TM) 64-Bit Server VM (25.161-b12) for windows-amd64 JRE (1.8.0_161-b12), built on Dec 19 2017 17:52:25 by "java_re" with MS VC++ 10.0 (VS2010)

time: Tue Aug 25 12:57:43 2020
elapsed time: 0 seconds (0d 0h 0m 0s)

